-- The C compiler identification is GNU 11.4.0
-- The CXX compiler identification is GNU 11.4.0
-- Detecting C compiler ABI info
-- Detecting C compiler ABI info - done
-- Check for working C compiler: /usr/bin/cc - skipped
-- Detecting C compile features
-- Detecting C compile features - done
-- Detecting CXX compiler ABI info
-- Detecting CXX compiler ABI info - done
-- Check for working CXX compiler: /usr/bin/c++ - skipped
-- Detecting CXX compile features
-- Detecting CXX compile features - done
-- Found ament_cmake: 1.3.11 (/opt/ros/humble/share/ament_cmake/cmake)
-- Found Python3: /home/taka/miniconda3/envs/crazyswarm_simple/bin/python3 (found version "3.10.16") found components: Interpreter 
-- Override CMake install command with custom implementation using symlinks instead of copying resources
-- Found ament_cmake_pytest: 1.3.11 (/opt/ros/humble/share/ament_cmake_pytest/cmake)
[33mCMake Warning at /opt/ros/humble/share/ament_cmake_pytest/cmake/ament_add_pytest_test.cmake:79 (message):
  The Python module 'pytest' was not found, pytests cannot be run.  On Linux,
  install the 'python3-pytest' package.  On other platforms, install 'pytest'
  using pip.
Call Stack (most recent call first):
  CMakeLists.txt:27 (ament_add_pytest_test)

[0m
[33mCMake Warning at /opt/ros/humble/share/ament_cmake_pytest/cmake/ament_add_pytest_test.cmake:79 (message):
  The Python module 'pytest' was not found, pytests cannot be run.  On Linux,
  install the 'python3-pytest' package.  On other platforms, install 'pytest'
  using pip.
Call Stack (most recent call first):
  CMakeLists.txt:27 (ament_add_pytest_test)

[0m
-- Configuring done
-- Generating done
-- Build files have been written to: /home/taka/crazyswarm_SimpleFlight/build/crazyflie_sim
Built target ament_cmake_python_symlink_crazyflie_sim
Built target ament_cmake_python_symlink_crazyflie_sim_setup
running install_scripts
running egg_info
creating crazyflie_sim.egg-info
writing crazyflie_sim.egg-info/PKG-INFO
writing dependency_links to crazyflie_sim.egg-info/dependency_links.txt
writing entry points to crazyflie_sim.egg-info/entry_points.txt
writing top-level names to crazyflie_sim.egg-info/top_level.txt
writing manifest file 'crazyflie_sim.egg-info/SOURCES.txt'
/home/taka/miniconda3/envs/crazyswarm_simple/lib/python3.10/site-packages/setuptools/_distutils/cmd.py:79: SetuptoolsDeprecationWarning: setup.py install is deprecated.
!!

        ********************************************************************************
        Please avoid running ``setup.py`` directly.
        Instead, use pypa/build, pypa/installer or other
        standards-based tools.

        See https://blog.ganssle.io/articles/2021/10/setup-py-deprecated.html for details.
        ********************************************************************************

!!
  self.initialize_options()
running egg_info
reading manifest file 'crazyflie_sim.egg-info/SOURCES.txt'
writing manifest file 'crazyflie_sim.egg-info/SOURCES.txt'
writing crazyflie_sim.egg-info/PKG-INFO
writing dependency_links to crazyflie_sim.egg-info/dependency_links.txt
writing entry points to crazyflie_sim.egg-info/entry_points.txt
writing top-level names to crazyflie_sim.egg-info/top_level.txt
reading manifest file 'crazyflie_sim.egg-info/SOURCES.txt'
Built target ament_cmake_python_build_crazyflie_sim_egg
writing manifest file 'crazyflie_sim.egg-info/SOURCES.txt'
Installing crazyflie_server script to scripts
Built target ament_cmake_python_build_crazyflie_sim_scripts
-- Install configuration: "Release"
-- Execute custom install script
-- Symlinking: /home/taka/crazyswarm_SimpleFlight/install/crazyflie_sim/share/crazyflie_sim/environment/pythonpath.sh
-- Symlinking: /home/taka/crazyswarm_SimpleFlight/install/crazyflie_sim/share/crazyflie_sim/environment/pythonpath.dsv
-- Symlinking: /home/taka/crazyswarm_SimpleFlight/install/crazyflie_sim/lib/python3.10/site-packages/crazyflie_sim-2.0.0-py3.10.egg-info/PKG-INFO
-- Symlinking: /home/taka/crazyswarm_SimpleFlight/install/crazyflie_sim/lib/python3.10/site-packages/crazyflie_sim-2.0.0-py3.10.egg-info/SOURCES.txt
-- Symlinking: /home/taka/crazyswarm_SimpleFlight/install/crazyflie_sim/lib/python3.10/site-packages/crazyflie_sim-2.0.0-py3.10.egg-info/dependency_links.txt
-- Symlinking: /home/taka/crazyswarm_SimpleFlight/install/crazyflie_sim/lib/python3.10/site-packages/crazyflie_sim-2.0.0-py3.10.egg-info/entry_points.txt
-- Symlinking: /home/taka/crazyswarm_SimpleFlight/install/crazyflie_sim/lib/python3.10/site-packages/crazyflie_sim-2.0.0-py3.10.egg-info/top_level.txt
-- Symlinking: /home/taka/crazyswarm_SimpleFlight/install/crazyflie_sim/lib/crazyflie_sim//crazyflie_server
-- Symlinking: /home/taka/crazyswarm_SimpleFlight/install/crazyflie_sim/lib/python3.10/site-packages/crazyflie_sim/__init__.py
-- Symlinking: /home/taka/crazyswarm_SimpleFlight/install/crazyflie_sim/lib/python3.10/site-packages/crazyflie_sim/backend/none.py
-- Symlinking: /home/taka/crazyswarm_SimpleFlight/install/crazyflie_sim/lib/python3.10/site-packages/crazyflie_sim/backend/np.py
-- Symlinking: /home/taka/crazyswarm_SimpleFlight/install/crazyflie_sim/lib/python3.10/site-packages/crazyflie_sim/crazyflie_server.py
-- Symlinking: /home/taka/crazyswarm_SimpleFlight/install/crazyflie_sim/lib/python3.10/site-packages/crazyflie_sim/crazyflie_sil.py
-- Symlinking: /home/taka/crazyswarm_SimpleFlight/install/crazyflie_sim/lib/python3.10/site-packages/crazyflie_sim/sim_data_types.py
-- Symlinking: /home/taka/crazyswarm_SimpleFlight/install/crazyflie_sim/lib/python3.10/site-packages/crazyflie_sim/visualization/README.md
-- Symlinking: /home/taka/crazyswarm_SimpleFlight/install/crazyflie_sim/lib/python3.10/site-packages/crazyflie_sim/visualization/blender.py
-- Symlinking: /home/taka/crazyswarm_SimpleFlight/install/crazyflie_sim/lib/python3.10/site-packages/crazyflie_sim/visualization/data/README.md
-- Symlinking: /home/taka/crazyswarm_SimpleFlight/install/crazyflie_sim/lib/python3.10/site-packages/crazyflie_sim/visualization/data/env/abandoned_greenhouse.jpg
-- Symlinking: /home/taka/crazyswarm_SimpleFlight/install/crazyflie_sim/lib/python3.10/site-packages/crazyflie_sim/visualization/data/env/aerodynamics_workshop.jpg
-- Symlinking: /home/taka/crazyswarm_SimpleFlight/install/crazyflie_sim/lib/python3.10/site-packages/crazyflie_sim/visualization/data/env/aviation_museum.jpg
-- Symlinking: /home/taka/crazyswarm_SimpleFlight/install/crazyflie_sim/lib/python3.10/site-packages/crazyflie_sim/visualization/data/env/crosswalk.jpg
-- Symlinking: /home/taka/crazyswarm_SimpleFlight/install/crazyflie_sim/lib/python3.10/site-packages/crazyflie_sim/visualization/data/env/derelict_overpass.jpg
-- Symlinking: /home/taka/crazyswarm_SimpleFlight/install/crazyflie_sim/lib/python3.10/site-packages/crazyflie_sim/visualization/data/env/env.jpg
-- Symlinking: /home/taka/crazyswarm_SimpleFlight/install/crazyflie_sim/lib/python3.10/site-packages/crazyflie_sim/visualization/data/env/lago_disola.jpg
-- Symlinking: /home/taka/crazyswarm_SimpleFlight/install/crazyflie_sim/lib/python3.10/site-packages/crazyflie_sim/visualization/data/env/lake_pier.jpg
-- Symlinking: /home/taka/crazyswarm_SimpleFlight/install/crazyflie_sim/lib/python3.10/site-packages/crazyflie_sim/visualization/data/env/machine_shop.jpg
-- Symlinking: /home/taka/crazyswarm_SimpleFlight/install/crazyflie_sim/lib/python3.10/site-packages/crazyflie_sim/visualization/data/env/museumplein.jpg
-- Symlinking: /home/taka/crazyswarm_SimpleFlight/install/crazyflie_sim/lib/python3.10/site-packages/crazyflie_sim/visualization/data/env/peppermint_powerplant.jpg
-- Symlinking: /home/taka/crazyswarm_SimpleFlight/install/crazyflie_sim/lib/python3.10/site-packages/crazyflie_sim/visualization/data/env/studio_garden.jpg
-- Symlinking: /home/taka/crazyswarm_SimpleFlight/install/crazyflie_sim/lib/python3.10/site-packages/crazyflie_sim/visualization/data/model/cf.mtl
-- Symlinking: /home/taka/crazyswarm_SimpleFlight/install/crazyflie_sim/lib/python3.10/site-packages/crazyflie_sim/visualization/data/model/cf.obj
-- Symlinking: /home/taka/crazyswarm_SimpleFlight/install/crazyflie_sim/lib/python3.10/site-packages/crazyflie_sim/visualization/pdf.py
-- Symlinking: /home/taka/crazyswarm_SimpleFlight/install/crazyflie_sim/lib/python3.10/site-packages/crazyflie_sim/visualization/record_states.py
-- Symlinking: /home/taka/crazyswarm_SimpleFlight/install/crazyflie_sim/lib/python3.10/site-packages/crazyflie_sim/visualization/rviz.py
-- Symlinking: /home/taka/crazyswarm_SimpleFlight/install/crazyflie_sim/share/ament_index/resource_index/package_run_dependencies/crazyflie_sim
-- Symlinking: /home/taka/crazyswarm_SimpleFlight/install/crazyflie_sim/share/ament_index/resource_index/parent_prefix_path/crazyflie_sim
-- Symlinking: /home/taka/crazyswarm_SimpleFlight/install/crazyflie_sim/share/crazyflie_sim/environment/ament_prefix_path.sh
-- Symlinking: /home/taka/crazyswarm_SimpleFlight/install/crazyflie_sim/share/crazyflie_sim/environment/ament_prefix_path.dsv
-- Symlinking: /home/taka/crazyswarm_SimpleFlight/install/crazyflie_sim/share/crazyflie_sim/environment/path.sh
-- Symlinking: /home/taka/crazyswarm_SimpleFlight/install/crazyflie_sim/share/crazyflie_sim/environment/path.dsv
-- Symlinking: /home/taka/crazyswarm_SimpleFlight/install/crazyflie_sim/share/crazyflie_sim/local_setup.bash
-- Symlinking: /home/taka/crazyswarm_SimpleFlight/install/crazyflie_sim/share/crazyflie_sim/local_setup.sh
-- Symlinking: /home/taka/crazyswarm_SimpleFlight/install/crazyflie_sim/share/crazyflie_sim/local_setup.zsh
-- Symlinking: /home/taka/crazyswarm_SimpleFlight/install/crazyflie_sim/share/crazyflie_sim/local_setup.dsv
-- Symlinking: /home/taka/crazyswarm_SimpleFlight/install/crazyflie_sim/share/crazyflie_sim/package.dsv
-- Symlinking: /home/taka/crazyswarm_SimpleFlight/install/crazyflie_sim/share/ament_index/resource_index/packages/crazyflie_sim
-- Symlinking: /home/taka/crazyswarm_SimpleFlight/install/crazyflie_sim/share/crazyflie_sim/cmake/crazyflie_simConfig.cmake
-- Symlinking: /home/taka/crazyswarm_SimpleFlight/install/crazyflie_sim/share/crazyflie_sim/cmake/crazyflie_simConfig-version.cmake
-- Symlinking: /home/taka/crazyswarm_SimpleFlight/install/crazyflie_sim/share/crazyflie_sim/package.xml
Listing '/home/taka/crazyswarm_SimpleFlight/install/crazyflie_sim/lib/python3.10/site-packages/crazyflie_sim'...
Compiling '/home/taka/crazyswarm_SimpleFlight/install/crazyflie_sim/lib/python3.10/site-packages/crazyflie_sim/__init__.py'...
Listing '/home/taka/crazyswarm_SimpleFlight/install/crazyflie_sim/lib/python3.10/site-packages/crazyflie_sim/backend'...
Compiling '/home/taka/crazyswarm_SimpleFlight/install/crazyflie_sim/lib/python3.10/site-packages/crazyflie_sim/backend/none.py'...
Compiling '/home/taka/crazyswarm_SimpleFlight/install/crazyflie_sim/lib/python3.10/site-packages/crazyflie_sim/backend/np.py'...
Compiling '/home/taka/crazyswarm_SimpleFlight/install/crazyflie_sim/lib/python3.10/site-packages/crazyflie_sim/crazyflie_server.py'...
Compiling '/home/taka/crazyswarm_SimpleFlight/install/crazyflie_sim/lib/python3.10/site-packages/crazyflie_sim/crazyflie_sil.py'...
Compiling '/home/taka/crazyswarm_SimpleFlight/install/crazyflie_sim/lib/python3.10/site-packages/crazyflie_sim/sim_data_types.py'...
Listing '/home/taka/crazyswarm_SimpleFlight/install/crazyflie_sim/lib/python3.10/site-packages/crazyflie_sim/visualization'...
Compiling '/home/taka/crazyswarm_SimpleFlight/install/crazyflie_sim/lib/python3.10/site-packages/crazyflie_sim/visualization/blender.py'...
Listing '/home/taka/crazyswarm_SimpleFlight/install/crazyflie_sim/lib/python3.10/site-packages/crazyflie_sim/visualization/data'...
Listing '/home/taka/crazyswarm_SimpleFlight/install/crazyflie_sim/lib/python3.10/site-packages/crazyflie_sim/visualization/data/env'...
Listing '/home/taka/crazyswarm_SimpleFlight/install/crazyflie_sim/lib/python3.10/site-packages/crazyflie_sim/visualization/data/model'...
Compiling '/home/taka/crazyswarm_SimpleFlight/install/crazyflie_sim/lib/python3.10/site-packages/crazyflie_sim/visualization/pdf.py'...
Compiling '/home/taka/crazyswarm_SimpleFlight/install/crazyflie_sim/lib/python3.10/site-packages/crazyflie_sim/visualization/record_states.py'...
Compiling '/home/taka/crazyswarm_SimpleFlight/install/crazyflie_sim/lib/python3.10/site-packages/crazyflie_sim/visualization/rviz.py'...
