[0.165s] Invoking command in '/home/taka/crazyswarm_SimpleFlight/build/crazyflie_sim': AMENT_PREFIX_PATH=/home/taka/crazyswarm_SimpleFlight/install/crazyflie_interfaces:${AMENT_PREFIX_PATH} CMAKE_PREFIX_PATH=/home/taka/crazyswarm_SimpleFlight/install/crazyflie_interfaces:/opt/ros/humble CONDA_PROMPT_MODIFIER=(crazyswarm_simple) LD_LIBRARY_PATH=/home/taka/crazyswarm_SimpleFlight/install/crazyflie_interfaces/lib:${LD_LIBRARY_PATH} PYTHONPATH=/home/taka/crazyswarm_SimpleFlight/install/crazyflie_interfaces/lib/python3.10/site-packages:${PYTHONPATH} /usr/bin/cmake /home/taka/crazyswarm_SimpleFlight/crazyflie_sim -DCMAKE_BUILD_TYPE=Release -DAMENT_CMAKE_SYMLINK_INSTALL=1 -DCMAKE_INSTALL_PREFIX=/home/taka/crazyswarm_SimpleFlight/install/crazyflie_sim
[0.206s] -- The C compiler identification is GNU 11.4.0
[0.246s] -- The CXX compiler identification is GNU 11.4.0
[0.253s] -- Detecting C compiler ABI info
[0.303s] -- Detecting C compiler ABI info - done
[0.310s] -- Check for working C compiler: /usr/bin/cc - skipped
[0.310s] -- Detecting C compile features
[0.310s] -- Detecting C compile features - done
[0.313s] -- Detecting CXX compiler ABI info
[0.370s] -- Detecting CXX compiler ABI info - done
[0.375s] -- Check for working CXX compiler: /usr/bin/c++ - skipped
[0.375s] -- Detecting CXX compile features
[0.375s] -- Detecting CXX compile features - done
[0.377s] -- Found ament_cmake: 1.3.11 (/opt/ros/humble/share/ament_cmake/cmake)
[0.622s] -- Found Python3: /home/taka/miniconda3/envs/crazyswarm_simple/bin/python3 (found version "3.10.16") found components: Interpreter 
[0.664s] -- Override CMake install command with custom implementation using symlinks instead of copying resources
[0.753s] -- Found ament_cmake_pytest: 1.3.11 (/opt/ros/humble/share/ament_cmake_pytest/cmake)
[0.772s] [33mCMake Warning at /opt/ros/humble/share/ament_cmake_pytest/cmake/ament_add_pytest_test.cmake:79 (message):
[0.772s]   The Python module 'pytest' was not found, pytests cannot be run.  On Linux,
[0.772s]   install the 'python3-pytest' package.  On other platforms, install 'pytest'
[0.772s]   using pip.
[0.772s] Call Stack (most recent call first):
[0.772s]   CMakeLists.txt:27 (ament_add_pytest_test)
[0.772s] 
[0.772s] [0m
[0.790s] [33mCMake Warning at /opt/ros/humble/share/ament_cmake_pytest/cmake/ament_add_pytest_test.cmake:79 (message):
[0.790s]   The Python module 'pytest' was not found, pytests cannot be run.  On Linux,
[0.790s]   install the 'python3-pytest' package.  On other platforms, install 'pytest'
[0.790s]   using pip.
[0.790s] Call Stack (most recent call first):
[0.790s]   CMakeLists.txt:27 (ament_add_pytest_test)
[0.790s] 
[0.790s] [0m
[0.848s] -- Configuring done
[0.851s] -- Generating done
[0.852s] -- Build files have been written to: /home/taka/crazyswarm_SimpleFlight/build/crazyflie_sim
[0.857s] Invoked command in '/home/taka/crazyswarm_SimpleFlight/build/crazyflie_sim' returned '0': AMENT_PREFIX_PATH=/home/taka/crazyswarm_SimpleFlight/install/crazyflie_interfaces:${AMENT_PREFIX_PATH} CMAKE_PREFIX_PATH=/home/taka/crazyswarm_SimpleFlight/install/crazyflie_interfaces:/opt/ros/humble CONDA_PROMPT_MODIFIER=(crazyswarm_simple) LD_LIBRARY_PATH=/home/taka/crazyswarm_SimpleFlight/install/crazyflie_interfaces/lib:${LD_LIBRARY_PATH} PYTHONPATH=/home/taka/crazyswarm_SimpleFlight/install/crazyflie_interfaces/lib/python3.10/site-packages:${PYTHONPATH} /usr/bin/cmake /home/taka/crazyswarm_SimpleFlight/crazyflie_sim -DCMAKE_BUILD_TYPE=Release -DAMENT_CMAKE_SYMLINK_INSTALL=1 -DCMAKE_INSTALL_PREFIX=/home/taka/crazyswarm_SimpleFlight/install/crazyflie_sim
[0.857s] Invoking command in '/home/taka/crazyswarm_SimpleFlight/build/crazyflie_sim': AMENT_PREFIX_PATH=/home/taka/crazyswarm_SimpleFlight/install/crazyflie_interfaces:${AMENT_PREFIX_PATH} CMAKE_PREFIX_PATH=/home/taka/crazyswarm_SimpleFlight/install/crazyflie_interfaces:/opt/ros/humble CONDA_PROMPT_MODIFIER=(crazyswarm_simple) LD_LIBRARY_PATH=/home/taka/crazyswarm_SimpleFlight/install/crazyflie_interfaces/lib:${LD_LIBRARY_PATH} PYTHONPATH=/home/taka/crazyswarm_SimpleFlight/install/crazyflie_interfaces/lib/python3.10/site-packages:${PYTHONPATH} /usr/bin/cmake --build /home/taka/crazyswarm_SimpleFlight/build/crazyflie_sim -- -j20 -l20
[0.895s] Built target ament_cmake_python_symlink_crazyflie_sim
[0.896s] Built target ament_cmake_python_symlink_crazyflie_sim_setup
[1.016s] running install_scripts
[1.017s] running egg_info
[1.025s] creating crazyflie_sim.egg-info
[1.025s] writing crazyflie_sim.egg-info/PKG-INFO
[1.025s] writing dependency_links to crazyflie_sim.egg-info/dependency_links.txt
[1.025s] writing entry points to crazyflie_sim.egg-info/entry_points.txt
[1.025s] writing top-level names to crazyflie_sim.egg-info/top_level.txt
[1.025s] writing manifest file 'crazyflie_sim.egg-info/SOURCES.txt'
[1.031s] /home/taka/miniconda3/envs/crazyswarm_simple/lib/python3.10/site-packages/setuptools/_distutils/cmd.py:79: SetuptoolsDeprecationWarning: setup.py install is deprecated.
[1.031s] !!
[1.032s] 
[1.032s]         ********************************************************************************
[1.032s]         Please avoid running ``setup.py`` directly.
[1.032s]         Instead, use pypa/build, pypa/installer or other
[1.032s]         standards-based tools.
[1.032s] 
[1.032s]         See https://blog.ganssle.io/articles/2021/10/setup-py-deprecated.html for details.
[1.032s]         ********************************************************************************
[1.032s] 
[1.032s] !!
[1.032s]   self.initialize_options()
[1.034s] running egg_info
[1.047s] reading manifest file 'crazyflie_sim.egg-info/SOURCES.txt'
[1.047s] writing manifest file 'crazyflie_sim.egg-info/SOURCES.txt'
[1.050s] writing crazyflie_sim.egg-info/PKG-INFO
[1.050s] writing dependency_links to crazyflie_sim.egg-info/dependency_links.txt
[1.050s] writing entry points to crazyflie_sim.egg-info/entry_points.txt
[1.050s] writing top-level names to crazyflie_sim.egg-info/top_level.txt
[1.066s] reading manifest file 'crazyflie_sim.egg-info/SOURCES.txt'
[1.066s] Built target ament_cmake_python_build_crazyflie_sim_egg
[1.066s] writing manifest file 'crazyflie_sim.egg-info/SOURCES.txt'
[1.114s] Installing crazyflie_server script to scripts
[1.134s] Built target ament_cmake_python_build_crazyflie_sim_scripts
[1.142s] Invoked command in '/home/taka/crazyswarm_SimpleFlight/build/crazyflie_sim' returned '0': AMENT_PREFIX_PATH=/home/taka/crazyswarm_SimpleFlight/install/crazyflie_interfaces:${AMENT_PREFIX_PATH} CMAKE_PREFIX_PATH=/home/taka/crazyswarm_SimpleFlight/install/crazyflie_interfaces:/opt/ros/humble CONDA_PROMPT_MODIFIER=(crazyswarm_simple) LD_LIBRARY_PATH=/home/taka/crazyswarm_SimpleFlight/install/crazyflie_interfaces/lib:${LD_LIBRARY_PATH} PYTHONPATH=/home/taka/crazyswarm_SimpleFlight/install/crazyflie_interfaces/lib/python3.10/site-packages:${PYTHONPATH} /usr/bin/cmake --build /home/taka/crazyswarm_SimpleFlight/build/crazyflie_sim -- -j20 -l20
[1.143s] Invoking command in '/home/taka/crazyswarm_SimpleFlight/build/crazyflie_sim': AMENT_PREFIX_PATH=/home/taka/crazyswarm_SimpleFlight/install/crazyflie_interfaces:${AMENT_PREFIX_PATH} CMAKE_PREFIX_PATH=/home/taka/crazyswarm_SimpleFlight/install/crazyflie_interfaces:/opt/ros/humble CONDA_PROMPT_MODIFIER=(crazyswarm_simple) LD_LIBRARY_PATH=/home/taka/crazyswarm_SimpleFlight/install/crazyflie_interfaces/lib:${LD_LIBRARY_PATH} PYTHONPATH=/home/taka/crazyswarm_SimpleFlight/install/crazyflie_interfaces/lib/python3.10/site-packages:${PYTHONPATH} /usr/bin/cmake --install /home/taka/crazyswarm_SimpleFlight/build/crazyflie_sim
[1.149s] -- Install configuration: "Release"
[1.149s] -- Execute custom install script
[1.149s] -- Symlinking: /home/taka/crazyswarm_SimpleFlight/install/crazyflie_sim/share/crazyflie_sim/environment/pythonpath.sh
[1.155s] -- Symlinking: /home/taka/crazyswarm_SimpleFlight/install/crazyflie_sim/share/crazyflie_sim/environment/pythonpath.dsv
[1.161s] -- Symlinking: /home/taka/crazyswarm_SimpleFlight/install/crazyflie_sim/lib/python3.10/site-packages/crazyflie_sim-2.0.0-py3.10.egg-info/PKG-INFO
[1.168s] -- Symlinking: /home/taka/crazyswarm_SimpleFlight/install/crazyflie_sim/lib/python3.10/site-packages/crazyflie_sim-2.0.0-py3.10.egg-info/SOURCES.txt
[1.174s] -- Symlinking: /home/taka/crazyswarm_SimpleFlight/install/crazyflie_sim/lib/python3.10/site-packages/crazyflie_sim-2.0.0-py3.10.egg-info/dependency_links.txt
[1.180s] -- Symlinking: /home/taka/crazyswarm_SimpleFlight/install/crazyflie_sim/lib/python3.10/site-packages/crazyflie_sim-2.0.0-py3.10.egg-info/entry_points.txt
[1.186s] -- Symlinking: /home/taka/crazyswarm_SimpleFlight/install/crazyflie_sim/lib/python3.10/site-packages/crazyflie_sim-2.0.0-py3.10.egg-info/top_level.txt
[1.192s] -- Symlinking: /home/taka/crazyswarm_SimpleFlight/install/crazyflie_sim/lib/crazyflie_sim//crazyflie_server
[1.198s] -- Symlinking: /home/taka/crazyswarm_SimpleFlight/install/crazyflie_sim/lib/python3.10/site-packages/crazyflie_sim/__init__.py
[1.204s] -- Symlinking: /home/taka/crazyswarm_SimpleFlight/install/crazyflie_sim/lib/python3.10/site-packages/crazyflie_sim/backend/none.py
[1.210s] -- Symlinking: /home/taka/crazyswarm_SimpleFlight/install/crazyflie_sim/lib/python3.10/site-packages/crazyflie_sim/backend/np.py
[1.216s] -- Symlinking: /home/taka/crazyswarm_SimpleFlight/install/crazyflie_sim/lib/python3.10/site-packages/crazyflie_sim/crazyflie_server.py
[1.221s] -- Symlinking: /home/taka/crazyswarm_SimpleFlight/install/crazyflie_sim/lib/python3.10/site-packages/crazyflie_sim/crazyflie_sil.py
[1.227s] -- Symlinking: /home/taka/crazyswarm_SimpleFlight/install/crazyflie_sim/lib/python3.10/site-packages/crazyflie_sim/sim_data_types.py
[1.234s] -- Symlinking: /home/taka/crazyswarm_SimpleFlight/install/crazyflie_sim/lib/python3.10/site-packages/crazyflie_sim/visualization/README.md
[1.239s] -- Symlinking: /home/taka/crazyswarm_SimpleFlight/install/crazyflie_sim/lib/python3.10/site-packages/crazyflie_sim/visualization/blender.py
[1.246s] -- Symlinking: /home/taka/crazyswarm_SimpleFlight/install/crazyflie_sim/lib/python3.10/site-packages/crazyflie_sim/visualization/data/README.md
[1.252s] -- Symlinking: /home/taka/crazyswarm_SimpleFlight/install/crazyflie_sim/lib/python3.10/site-packages/crazyflie_sim/visualization/data/env/abandoned_greenhouse.jpg
[1.258s] -- Symlinking: /home/taka/crazyswarm_SimpleFlight/install/crazyflie_sim/lib/python3.10/site-packages/crazyflie_sim/visualization/data/env/aerodynamics_workshop.jpg
[1.264s] -- Symlinking: /home/taka/crazyswarm_SimpleFlight/install/crazyflie_sim/lib/python3.10/site-packages/crazyflie_sim/visualization/data/env/aviation_museum.jpg
[1.270s] -- Symlinking: /home/taka/crazyswarm_SimpleFlight/install/crazyflie_sim/lib/python3.10/site-packages/crazyflie_sim/visualization/data/env/crosswalk.jpg
[1.275s] -- Symlinking: /home/taka/crazyswarm_SimpleFlight/install/crazyflie_sim/lib/python3.10/site-packages/crazyflie_sim/visualization/data/env/derelict_overpass.jpg
[1.281s] -- Symlinking: /home/taka/crazyswarm_SimpleFlight/install/crazyflie_sim/lib/python3.10/site-packages/crazyflie_sim/visualization/data/env/env.jpg
[1.286s] -- Symlinking: /home/taka/crazyswarm_SimpleFlight/install/crazyflie_sim/lib/python3.10/site-packages/crazyflie_sim/visualization/data/env/lago_disola.jpg
[1.291s] -- Symlinking: /home/taka/crazyswarm_SimpleFlight/install/crazyflie_sim/lib/python3.10/site-packages/crazyflie_sim/visualization/data/env/lake_pier.jpg
[1.298s] -- Symlinking: /home/taka/crazyswarm_SimpleFlight/install/crazyflie_sim/lib/python3.10/site-packages/crazyflie_sim/visualization/data/env/machine_shop.jpg
[1.304s] -- Symlinking: /home/taka/crazyswarm_SimpleFlight/install/crazyflie_sim/lib/python3.10/site-packages/crazyflie_sim/visualization/data/env/museumplein.jpg
[1.310s] -- Symlinking: /home/taka/crazyswarm_SimpleFlight/install/crazyflie_sim/lib/python3.10/site-packages/crazyflie_sim/visualization/data/env/peppermint_powerplant.jpg
[1.316s] -- Symlinking: /home/taka/crazyswarm_SimpleFlight/install/crazyflie_sim/lib/python3.10/site-packages/crazyflie_sim/visualization/data/env/studio_garden.jpg
[1.321s] -- Symlinking: /home/taka/crazyswarm_SimpleFlight/install/crazyflie_sim/lib/python3.10/site-packages/crazyflie_sim/visualization/data/model/cf.mtl
[1.326s] -- Symlinking: /home/taka/crazyswarm_SimpleFlight/install/crazyflie_sim/lib/python3.10/site-packages/crazyflie_sim/visualization/data/model/cf.obj
[1.332s] -- Symlinking: /home/taka/crazyswarm_SimpleFlight/install/crazyflie_sim/lib/python3.10/site-packages/crazyflie_sim/visualization/pdf.py
[1.341s] -- Symlinking: /home/taka/crazyswarm_SimpleFlight/install/crazyflie_sim/lib/python3.10/site-packages/crazyflie_sim/visualization/record_states.py
[1.346s] -- Symlinking: /home/taka/crazyswarm_SimpleFlight/install/crazyflie_sim/lib/python3.10/site-packages/crazyflie_sim/visualization/rviz.py
[1.354s] -- Symlinking: /home/taka/crazyswarm_SimpleFlight/install/crazyflie_sim/share/ament_index/resource_index/package_run_dependencies/crazyflie_sim
[1.362s] -- Symlinking: /home/taka/crazyswarm_SimpleFlight/install/crazyflie_sim/share/ament_index/resource_index/parent_prefix_path/crazyflie_sim
[1.370s] -- Symlinking: /home/taka/crazyswarm_SimpleFlight/install/crazyflie_sim/share/crazyflie_sim/environment/ament_prefix_path.sh
[1.377s] -- Symlinking: /home/taka/crazyswarm_SimpleFlight/install/crazyflie_sim/share/crazyflie_sim/environment/ament_prefix_path.dsv
[1.384s] -- Symlinking: /home/taka/crazyswarm_SimpleFlight/install/crazyflie_sim/share/crazyflie_sim/environment/path.sh
[1.392s] -- Symlinking: /home/taka/crazyswarm_SimpleFlight/install/crazyflie_sim/share/crazyflie_sim/environment/path.dsv
[1.400s] -- Symlinking: /home/taka/crazyswarm_SimpleFlight/install/crazyflie_sim/share/crazyflie_sim/local_setup.bash
[1.407s] -- Symlinking: /home/taka/crazyswarm_SimpleFlight/install/crazyflie_sim/share/crazyflie_sim/local_setup.sh
[1.415s] -- Symlinking: /home/taka/crazyswarm_SimpleFlight/install/crazyflie_sim/share/crazyflie_sim/local_setup.zsh
[1.422s] -- Symlinking: /home/taka/crazyswarm_SimpleFlight/install/crazyflie_sim/share/crazyflie_sim/local_setup.dsv
[1.429s] -- Symlinking: /home/taka/crazyswarm_SimpleFlight/install/crazyflie_sim/share/crazyflie_sim/package.dsv
[1.437s] -- Symlinking: /home/taka/crazyswarm_SimpleFlight/install/crazyflie_sim/share/ament_index/resource_index/packages/crazyflie_sim
[1.444s] -- Symlinking: /home/taka/crazyswarm_SimpleFlight/install/crazyflie_sim/share/crazyflie_sim/cmake/crazyflie_simConfig.cmake
[1.452s] -- Symlinking: /home/taka/crazyswarm_SimpleFlight/install/crazyflie_sim/share/crazyflie_sim/cmake/crazyflie_simConfig-version.cmake
[1.459s] -- Symlinking: /home/taka/crazyswarm_SimpleFlight/install/crazyflie_sim/share/crazyflie_sim/package.xml
[1.503s] Listing '/home/taka/crazyswarm_SimpleFlight/install/crazyflie_sim/lib/python3.10/site-packages/crazyflie_sim'...
[1.503s] Compiling '/home/taka/crazyswarm_SimpleFlight/install/crazyflie_sim/lib/python3.10/site-packages/crazyflie_sim/__init__.py'...
[1.503s] Listing '/home/taka/crazyswarm_SimpleFlight/install/crazyflie_sim/lib/python3.10/site-packages/crazyflie_sim/backend'...
[1.503s] Compiling '/home/taka/crazyswarm_SimpleFlight/install/crazyflie_sim/lib/python3.10/site-packages/crazyflie_sim/backend/none.py'...
[1.503s] Compiling '/home/taka/crazyswarm_SimpleFlight/install/crazyflie_sim/lib/python3.10/site-packages/crazyflie_sim/backend/np.py'...
[1.503s] Compiling '/home/taka/crazyswarm_SimpleFlight/install/crazyflie_sim/lib/python3.10/site-packages/crazyflie_sim/crazyflie_server.py'...
[1.503s] Compiling '/home/taka/crazyswarm_SimpleFlight/install/crazyflie_sim/lib/python3.10/site-packages/crazyflie_sim/crazyflie_sil.py'...
[1.503s] Compiling '/home/taka/crazyswarm_SimpleFlight/install/crazyflie_sim/lib/python3.10/site-packages/crazyflie_sim/sim_data_types.py'...
[1.503s] Listing '/home/taka/crazyswarm_SimpleFlight/install/crazyflie_sim/lib/python3.10/site-packages/crazyflie_sim/visualization'...
[1.503s] Compiling '/home/taka/crazyswarm_SimpleFlight/install/crazyflie_sim/lib/python3.10/site-packages/crazyflie_sim/visualization/blender.py'...
[1.504s] Listing '/home/taka/crazyswarm_SimpleFlight/install/crazyflie_sim/lib/python3.10/site-packages/crazyflie_sim/visualization/data'...
[1.504s] Listing '/home/taka/crazyswarm_SimpleFlight/install/crazyflie_sim/lib/python3.10/site-packages/crazyflie_sim/visualization/data/env'...
[1.504s] Listing '/home/taka/crazyswarm_SimpleFlight/install/crazyflie_sim/lib/python3.10/site-packages/crazyflie_sim/visualization/data/model'...
[1.504s] Compiling '/home/taka/crazyswarm_SimpleFlight/install/crazyflie_sim/lib/python3.10/site-packages/crazyflie_sim/visualization/pdf.py'...
[1.504s] Compiling '/home/taka/crazyswarm_SimpleFlight/install/crazyflie_sim/lib/python3.10/site-packages/crazyflie_sim/visualization/record_states.py'...
[1.504s] Compiling '/home/taka/crazyswarm_SimpleFlight/install/crazyflie_sim/lib/python3.10/site-packages/crazyflie_sim/visualization/rviz.py'...
[1.509s] Invoked command in '/home/taka/crazyswarm_SimpleFlight/build/crazyflie_sim' returned '0': AMENT_PREFIX_PATH=/home/taka/crazyswarm_SimpleFlight/install/crazyflie_interfaces:${AMENT_PREFIX_PATH} CMAKE_PREFIX_PATH=/home/taka/crazyswarm_SimpleFlight/install/crazyflie_interfaces:/opt/ros/humble CONDA_PROMPT_MODIFIER=(crazyswarm_simple) LD_LIBRARY_PATH=/home/taka/crazyswarm_SimpleFlight/install/crazyflie_interfaces/lib:${LD_LIBRARY_PATH} PYTHONPATH=/home/taka/crazyswarm_SimpleFlight/install/crazyflie_interfaces/lib/python3.10/site-packages:${PYTHONPATH} /usr/bin/cmake --install /home/taka/crazyswarm_SimpleFlight/build/crazyflie_sim
