-- The C compiler identification is GNU 11.4.0
-- The CXX compiler identification is GNU 11.4.0
-- Detecting C compiler ABI info
-- Detecting C compiler ABI info - done
-- Check for working C compiler: /usr/bin/cc - skipped
-- Detecting C compile features
-- Detecting C compile features - done
-- Detecting CXX compiler ABI info
-- Detecting CXX compiler ABI info - done
-- Check for working CXX compiler: /usr/bin/c++ - skipped
-- Detecting CXX compile features
-- Detecting CXX compile features - done
-- Found ament_cmake: 1.3.11 (/opt/ros/humble/share/ament_cmake/cmake)
-- Found Python3: /home/taka/miniconda3/envs/crazyswarm_simple/bin/python3 (found version "3.10.16") found components: Interpreter 
-- Override CMake install command with custom implementation using symlinks instead of copying resources
-- Found ament_cmake_pytest: 1.3.11 (/opt/ros/humble/share/ament_cmake_pytest/cmake)
-- Configuring done
-- Generating done
-- Build files have been written to: /home/taka/crazyswarm_SimpleFlight/build/crazyflie_examples
Built target ament_cmake_python_symlink_crazyflie_examples_setup
Built target ament_cmake_python_symlink_crazyflie_examples
running install_scripts
running egg_info
creating crazyflie_examples.egg-info
writing crazyflie_examples.egg-info/PKG-INFO
writing dependency_links to crazyflie_examples.egg-info/dependency_links.txt
writing entry points to crazyflie_examples.egg-info/entry_points.txt
writing top-level names to crazyflie_examples.egg-info/top_level.txt
writing manifest file 'crazyflie_examples.egg-info/SOURCES.txt'
running egg_info
writing crazyflie_examples.egg-info/PKG-INFO
writing dependency_links to crazyflie_examples.egg-info/dependency_links.txt
writing entry points to crazyflie_examples.egg-info/entry_points.txt
writing top-level names to crazyflie_examples.egg-info/top_level.txt
reading manifest file 'crazyflie_examples.egg-info/SOURCES.txt'
writing manifest file 'crazyflie_examples.egg-info/SOURCES.txt'
reading manifest file 'crazyflie_examples.egg-info/SOURCES.txt'
writing manifest file 'crazyflie_examples.egg-info/SOURCES.txt'
Built target ament_cmake_python_build_crazyflie_examples_egg
Installing cmd_full_state script to scripts
Installing cmdv script to scripts
Installing figure8 script to scripts
Installing formation script to scripts
Installing hello_world script to scripts
Installing multi_trajectory script to scripts
Installing nice_hover script to scripts
Installing set_param script to scripts
Built target ament_cmake_python_build_crazyflie_examples_scripts
-- Install configuration: "Release"
-- Execute custom install script
-- Symlinking: /home/taka/crazyswarm_SimpleFlight/install/crazyflie_examples/share/crazyflie_examples/environment/pythonpath.sh
-- Symlinking: /home/taka/crazyswarm_SimpleFlight/install/crazyflie_examples/share/crazyflie_examples/environment/pythonpath.dsv
-- Symlinking: /home/taka/crazyswarm_SimpleFlight/install/crazyflie_examples/lib/python3.10/site-packages/crazyflie_examples-2.0.0-py3.10.egg-info/PKG-INFO
-- Symlinking: /home/taka/crazyswarm_SimpleFlight/install/crazyflie_examples/lib/python3.10/site-packages/crazyflie_examples-2.0.0-py3.10.egg-info/SOURCES.txt
-- Symlinking: /home/taka/crazyswarm_SimpleFlight/install/crazyflie_examples/lib/python3.10/site-packages/crazyflie_examples-2.0.0-py3.10.egg-info/dependency_links.txt
-- Symlinking: /home/taka/crazyswarm_SimpleFlight/install/crazyflie_examples/lib/python3.10/site-packages/crazyflie_examples-2.0.0-py3.10.egg-info/entry_points.txt
-- Symlinking: /home/taka/crazyswarm_SimpleFlight/install/crazyflie_examples/lib/python3.10/site-packages/crazyflie_examples-2.0.0-py3.10.egg-info/top_level.txt
-- Symlinking: /home/taka/crazyswarm_SimpleFlight/install/crazyflie_examples/lib/crazyflie_examples//cmd_full_state
-- Symlinking: /home/taka/crazyswarm_SimpleFlight/install/crazyflie_examples/lib/crazyflie_examples//cmdv
-- Symlinking: /home/taka/crazyswarm_SimpleFlight/install/crazyflie_examples/lib/crazyflie_examples//figure8
-- Symlinking: /home/taka/crazyswarm_SimpleFlight/install/crazyflie_examples/lib/crazyflie_examples//formation
-- Symlinking: /home/taka/crazyswarm_SimpleFlight/install/crazyflie_examples/lib/crazyflie_examples//hello_world
-- Symlinking: /home/taka/crazyswarm_SimpleFlight/install/crazyflie_examples/lib/crazyflie_examples//multi_trajectory
-- Symlinking: /home/taka/crazyswarm_SimpleFlight/install/crazyflie_examples/lib/crazyflie_examples//nice_hover
-- Symlinking: /home/taka/crazyswarm_SimpleFlight/install/crazyflie_examples/lib/crazyflie_examples//set_param
-- Symlinking: /home/taka/crazyswarm_SimpleFlight/install/crazyflie_examples/lib/python3.10/site-packages/crazyflie_examples/__init__.py
-- Symlinking: /home/taka/crazyswarm_SimpleFlight/install/crazyflie_examples/lib/python3.10/site-packages/crazyflie_examples/cache/67270310.json
-- Symlinking: /home/taka/crazyswarm_SimpleFlight/install/crazyflie_examples/lib/python3.10/site-packages/crazyflie_examples/cache/C931D955.json
-- Symlinking: /home/taka/crazyswarm_SimpleFlight/install/crazyflie_examples/lib/python3.10/site-packages/crazyflie_examples/circle.py
-- Symlinking: /home/taka/crazyswarm_SimpleFlight/install/crazyflie_examples/lib/python3.10/site-packages/crazyflie_examples/cmd_full_state.py
-- Symlinking: /home/taka/crazyswarm_SimpleFlight/install/crazyflie_examples/lib/python3.10/site-packages/crazyflie_examples/data/figure8.csv
-- Symlinking: /home/taka/crazyswarm_SimpleFlight/install/crazyflie_examples/lib/python3.10/site-packages/crazyflie_examples/data/generate_formation.py
-- Symlinking: /home/taka/crazyswarm_SimpleFlight/install/crazyflie_examples/lib/python3.10/site-packages/crazyflie_examples/data/multi_trajectory/traj0.csv
-- Symlinking: /home/taka/crazyswarm_SimpleFlight/install/crazyflie_examples/lib/python3.10/site-packages/crazyflie_examples/data/multi_trajectory/traj1.csv
-- Symlinking: /home/taka/crazyswarm_SimpleFlight/install/crazyflie_examples/lib/python3.10/site-packages/crazyflie_examples/fake/__init__.py
-- Symlinking: /home/taka/crazyswarm_SimpleFlight/install/crazyflie_examples/lib/python3.10/site-packages/crazyflie_examples/fake/control/pid.py
-- Symlinking: /home/taka/crazyswarm_SimpleFlight/install/crazyflie_examples/lib/python3.10/site-packages/crazyflie_examples/fake/control/rotate_utils.py
-- Symlinking: /home/taka/crazyswarm_SimpleFlight/install/crazyflie_examples/lib/python3.10/site-packages/crazyflie_examples/fake/datt.py
-- Symlinking: /home/taka/crazyswarm_SimpleFlight/install/crazyflie_examples/lib/python3.10/site-packages/crazyflie_examples/fake/exchange.py
-- Symlinking: /home/taka/crazyswarm_SimpleFlight/install/crazyflie_examples/lib/python3.10/site-packages/crazyflie_examples/fake/fake_env.py
-- Symlinking: /home/taka/crazyswarm_SimpleFlight/install/crazyflie_examples/lib/python3.10/site-packages/crazyflie_examples/fake/fake_env_refactor.py
-- Symlinking: /home/taka/crazyswarm_SimpleFlight/install/crazyflie_examples/lib/python3.10/site-packages/crazyflie_examples/fake/hover.py
-- Symlinking: /home/taka/crazyswarm_SimpleFlight/install/crazyflie_examples/lib/python3.10/site-packages/crazyflie_examples/fake/swarm/drone_swarm.py
-- Symlinking: /home/taka/crazyswarm_SimpleFlight/install/crazyflie_examples/lib/python3.10/site-packages/crazyflie_examples/fake/swarm/subscriber.py
-- Symlinking: /home/taka/crazyswarm_SimpleFlight/install/crazyflie_examples/lib/python3.10/site-packages/crazyflie_examples/fake/swarm/tf_swarm.py
-- Symlinking: /home/taka/crazyswarm_SimpleFlight/install/crazyflie_examples/lib/python3.10/site-packages/crazyflie_examples/fake/track.py
-- Symlinking: /home/taka/crazyswarm_SimpleFlight/install/crazyflie_examples/lib/python3.10/site-packages/crazyflie_examples/fake/utils/__init__.py
-- Symlinking: /home/taka/crazyswarm_SimpleFlight/install/crazyflie_examples/lib/python3.10/site-packages/crazyflie_examples/fake/utils/base.py
-- Symlinking: /home/taka/crazyswarm_SimpleFlight/install/crazyflie_examples/lib/python3.10/site-packages/crazyflie_examples/fake/utils/chained_polynomial.py
-- Symlinking: /home/taka/crazyswarm_SimpleFlight/install/crazyflie_examples/lib/python3.10/site-packages/crazyflie_examples/fake/utils/math_utils.py
-- Symlinking: /home/taka/crazyswarm_SimpleFlight/install/crazyflie_examples/lib/python3.10/site-packages/crazyflie_examples/fake/utils/pointed_star.py
-- Symlinking: /home/taka/crazyswarm_SimpleFlight/install/crazyflie_examples/lib/python3.10/site-packages/crazyflie_examples/fake/utils/zigzag.py
-- Symlinking: /home/taka/crazyswarm_SimpleFlight/install/crazyflie_examples/lib/python3.10/site-packages/crazyflie_examples/figure8.py
-- Symlinking: /home/taka/crazyswarm_SimpleFlight/install/crazyflie_examples/lib/python3.10/site-packages/crazyflie_examples/hello_world.py
-- Symlinking: /home/taka/crazyswarm_SimpleFlight/install/crazyflie_examples/lib/python3.10/site-packages/crazyflie_examples/model/deploy.pt
-- Symlinking: /home/taka/crazyswarm_SimpleFlight/install/crazyflie_examples/lib/python3.10/site-packages/crazyflie_examples/model/hover.pt
-- Symlinking: /home/taka/crazyswarm_SimpleFlight/install/crazyflie_examples/lib/python3.10/site-packages/crazyflie_examples/rl_arbitrary_track.py
-- Symlinking: /home/taka/crazyswarm_SimpleFlight/install/crazyflie_examples/lib/python3.10/site-packages/crazyflie_examples/rl_track.py
-- Symlinking: /home/taka/crazyswarm_SimpleFlight/install/crazyflie_examples/lib/python3.10/site-packages/crazyflie_examples/set_param.py
-- Symlinking: /home/taka/crazyswarm_SimpleFlight/install/crazyflie_examples/lib/python3.10/site-packages/crazyflie_examples/simulator_test.py
-- Symlinking: /home/taka/crazyswarm_SimpleFlight/install/crazyflie_examples/lib/python3.10/site-packages/crazyflie_examples/tf.py
-- Symlinking: /home/taka/crazyswarm_SimpleFlight/install/crazyflie_examples/share/crazyflie_examples//config/nav2_params.yaml
-- Symlinking: /home/taka/crazyswarm_SimpleFlight/install/crazyflie_examples/share/crazyflie_examples//config/nav2_view.rviz
-- Symlinking: /home/taka/crazyswarm_SimpleFlight/install/crazyflie_examples/share/crazyflie_examples//data/map.data
-- Symlinking: /home/taka/crazyswarm_SimpleFlight/install/crazyflie_examples/share/crazyflie_examples//data/map.pgm
-- Symlinking: /home/taka/crazyswarm_SimpleFlight/install/crazyflie_examples/share/crazyflie_examples//data/map.posegraph
-- Symlinking: /home/taka/crazyswarm_SimpleFlight/install/crazyflie_examples/share/crazyflie_examples//data/map.yaml
-- Symlinking: /home/taka/crazyswarm_SimpleFlight/install/crazyflie_examples/share/crazyflie_examples//launch/keyboard_velmux_launch.py
-- Symlinking: /home/taka/crazyswarm_SimpleFlight/install/crazyflie_examples/share/crazyflie_examples//launch/multiranger_mapping_launch.py
-- Symlinking: /home/taka/crazyswarm_SimpleFlight/install/crazyflie_examples/share/crazyflie_examples//launch/multiranger_nav2_launch.py
-- Symlinking: /home/taka/crazyswarm_SimpleFlight/install/crazyflie_examples/share/ament_index/resource_index/package_run_dependencies/crazyflie_examples
-- Symlinking: /home/taka/crazyswarm_SimpleFlight/install/crazyflie_examples/share/ament_index/resource_index/parent_prefix_path/crazyflie_examples
-- Symlinking: /home/taka/crazyswarm_SimpleFlight/install/crazyflie_examples/share/crazyflie_examples/environment/ament_prefix_path.sh
-- Symlinking: /home/taka/crazyswarm_SimpleFlight/install/crazyflie_examples/share/crazyflie_examples/environment/ament_prefix_path.dsv
-- Symlinking: /home/taka/crazyswarm_SimpleFlight/install/crazyflie_examples/share/crazyflie_examples/environment/path.sh
-- Symlinking: /home/taka/crazyswarm_SimpleFlight/install/crazyflie_examples/share/crazyflie_examples/environment/path.dsv
-- Symlinking: /home/taka/crazyswarm_SimpleFlight/install/crazyflie_examples/share/crazyflie_examples/local_setup.bash
-- Symlinking: /home/taka/crazyswarm_SimpleFlight/install/crazyflie_examples/share/crazyflie_examples/local_setup.sh
-- Symlinking: /home/taka/crazyswarm_SimpleFlight/install/crazyflie_examples/share/crazyflie_examples/local_setup.zsh
-- Symlinking: /home/taka/crazyswarm_SimpleFlight/install/crazyflie_examples/share/crazyflie_examples/local_setup.dsv
-- Symlinking: /home/taka/crazyswarm_SimpleFlight/install/crazyflie_examples/share/crazyflie_examples/package.dsv
-- Symlinking: /home/taka/crazyswarm_SimpleFlight/install/crazyflie_examples/share/ament_index/resource_index/packages/crazyflie_examples
-- Symlinking: /home/taka/crazyswarm_SimpleFlight/install/crazyflie_examples/share/crazyflie_examples/cmake/crazyflie_examplesConfig.cmake
-- Symlinking: /home/taka/crazyswarm_SimpleFlight/install/crazyflie_examples/share/crazyflie_examples/cmake/crazyflie_examplesConfig-version.cmake
-- Symlinking: /home/taka/crazyswarm_SimpleFlight/install/crazyflie_examples/share/crazyflie_examples/package.xml
Listing '/home/taka/crazyswarm_SimpleFlight/install/crazyflie_examples/lib/python3.10/site-packages/crazyflie_examples'...
Compiling '/home/taka/crazyswarm_SimpleFlight/install/crazyflie_examples/lib/python3.10/site-packages/crazyflie_examples/__init__.py'...
Listing '/home/taka/crazyswarm_SimpleFlight/install/crazyflie_examples/lib/python3.10/site-packages/crazyflie_examples/cache'...
Compiling '/home/taka/crazyswarm_SimpleFlight/install/crazyflie_examples/lib/python3.10/site-packages/crazyflie_examples/circle.py'...
Compiling '/home/taka/crazyswarm_SimpleFlight/install/crazyflie_examples/lib/python3.10/site-packages/crazyflie_examples/cmd_full_state.py'...
Listing '/home/taka/crazyswarm_SimpleFlight/install/crazyflie_examples/lib/python3.10/site-packages/crazyflie_examples/data'...
Compiling '/home/taka/crazyswarm_SimpleFlight/install/crazyflie_examples/lib/python3.10/site-packages/crazyflie_examples/data/generate_formation.py'...
Listing '/home/taka/crazyswarm_SimpleFlight/install/crazyflie_examples/lib/python3.10/site-packages/crazyflie_examples/data/multi_trajectory'...
Listing '/home/taka/crazyswarm_SimpleFlight/install/crazyflie_examples/lib/python3.10/site-packages/crazyflie_examples/fake'...
Compiling '/home/taka/crazyswarm_SimpleFlight/install/crazyflie_examples/lib/python3.10/site-packages/crazyflie_examples/fake/__init__.py'...
Listing '/home/taka/crazyswarm_SimpleFlight/install/crazyflie_examples/lib/python3.10/site-packages/crazyflie_examples/fake/control'...
Compiling '/home/taka/crazyswarm_SimpleFlight/install/crazyflie_examples/lib/python3.10/site-packages/crazyflie_examples/fake/control/pid.py'...
Compiling '/home/taka/crazyswarm_SimpleFlight/install/crazyflie_examples/lib/python3.10/site-packages/crazyflie_examples/fake/control/rotate_utils.py'...
Compiling '/home/taka/crazyswarm_SimpleFlight/install/crazyflie_examples/lib/python3.10/site-packages/crazyflie_examples/fake/datt.py'...
Compiling '/home/taka/crazyswarm_SimpleFlight/install/crazyflie_examples/lib/python3.10/site-packages/crazyflie_examples/fake/exchange.py'...
Compiling '/home/taka/crazyswarm_SimpleFlight/install/crazyflie_examples/lib/python3.10/site-packages/crazyflie_examples/fake/fake_env.py'...
Compiling '/home/taka/crazyswarm_SimpleFlight/install/crazyflie_examples/lib/python3.10/site-packages/crazyflie_examples/fake/fake_env_refactor.py'...
Compiling '/home/taka/crazyswarm_SimpleFlight/install/crazyflie_examples/lib/python3.10/site-packages/crazyflie_examples/fake/hover.py'...
Listing '/home/taka/crazyswarm_SimpleFlight/install/crazyflie_examples/lib/python3.10/site-packages/crazyflie_examples/fake/swarm'...
Compiling '/home/taka/crazyswarm_SimpleFlight/install/crazyflie_examples/lib/python3.10/site-packages/crazyflie_examples/fake/swarm/drone_swarm.py'...
Compiling '/home/taka/crazyswarm_SimpleFlight/install/crazyflie_examples/lib/python3.10/site-packages/crazyflie_examples/fake/swarm/subscriber.py'...
Compiling '/home/taka/crazyswarm_SimpleFlight/install/crazyflie_examples/lib/python3.10/site-packages/crazyflie_examples/fake/swarm/tf_swarm.py'...
Compiling '/home/taka/crazyswarm_SimpleFlight/install/crazyflie_examples/lib/python3.10/site-packages/crazyflie_examples/fake/track.py'...
Listing '/home/taka/crazyswarm_SimpleFlight/install/crazyflie_examples/lib/python3.10/site-packages/crazyflie_examples/fake/utils'...
Compiling '/home/taka/crazyswarm_SimpleFlight/install/crazyflie_examples/lib/python3.10/site-packages/crazyflie_examples/fake/utils/__init__.py'...
Compiling '/home/taka/crazyswarm_SimpleFlight/install/crazyflie_examples/lib/python3.10/site-packages/crazyflie_examples/fake/utils/base.py'...
Compiling '/home/taka/crazyswarm_SimpleFlight/install/crazyflie_examples/lib/python3.10/site-packages/crazyflie_examples/fake/utils/chained_polynomial.py'...
Compiling '/home/taka/crazyswarm_SimpleFlight/install/crazyflie_examples/lib/python3.10/site-packages/crazyflie_examples/fake/utils/math_utils.py'...
Compiling '/home/taka/crazyswarm_SimpleFlight/install/crazyflie_examples/lib/python3.10/site-packages/crazyflie_examples/fake/utils/pointed_star.py'...
Compiling '/home/taka/crazyswarm_SimpleFlight/install/crazyflie_examples/lib/python3.10/site-packages/crazyflie_examples/fake/utils/zigzag.py'...
Compiling '/home/taka/crazyswarm_SimpleFlight/install/crazyflie_examples/lib/python3.10/site-packages/crazyflie_examples/figure8.py'...
Compiling '/home/taka/crazyswarm_SimpleFlight/install/crazyflie_examples/lib/python3.10/site-packages/crazyflie_examples/hello_world.py'...
Listing '/home/taka/crazyswarm_SimpleFlight/install/crazyflie_examples/lib/python3.10/site-packages/crazyflie_examples/model'...
Compiling '/home/taka/crazyswarm_SimpleFlight/install/crazyflie_examples/lib/python3.10/site-packages/crazyflie_examples/rl_arbitrary_track.py'...
Compiling '/home/taka/crazyswarm_SimpleFlight/install/crazyflie_examples/lib/python3.10/site-packages/crazyflie_examples/rl_track.py'...
Compiling '/home/taka/crazyswarm_SimpleFlight/install/crazyflie_examples/lib/python3.10/site-packages/crazyflie_examples/set_param.py'...
Compiling '/home/taka/crazyswarm_SimpleFlight/install/crazyflie_examples/lib/python3.10/site-packages/crazyflie_examples/simulator_test.py'...
Compiling '/home/taka/crazyswarm_SimpleFlight/install/crazyflie_examples/lib/python3.10/site-packages/crazyflie_examples/tf.py'...
