[0.009s] Invoking command in '/home/taka/crazyswarm_SimpleFlight/build/crazyflie_examples': AMENT_PREFIX_PATH=/home/taka/crazyswarm_SimpleFlight/install/crazyflie_py:/home/taka/crazyswarm_SimpleFlight/install/crazyflie_interfaces:${AMENT_PREFIX_PATH} CMAKE_PREFIX_PATH=/home/taka/crazyswarm_SimpleFlight/install/crazyflie_interfaces:/opt/ros/humble CONDA_PROMPT_MODIFIER=(crazyswarm_simple) LD_LIBRARY_PATH=/home/taka/crazyswarm_SimpleFlight/install/crazyflie_interfaces/lib:${LD_LIBRARY_PATH} PYTHONPATH=/home/taka/crazyswarm_SimpleFlight/build/crazyflie_py:/home/taka/crazyswarm_SimpleFlight/install/crazyflie_py/lib/python3.10/site-packages:/home/taka/crazyswarm_SimpleFlight/install/crazyflie_interfaces/lib/python3.10/site-packages:${PYTHONPATH} /usr/bin/cmake /home/taka/crazyswarm_SimpleFlight/crazyflie_examples -DCMAKE_BUILD_TYPE=Release -DAMENT_CMAKE_SYMLINK_INSTALL=1 -DCMAKE_INSTALL_PREFIX=/home/taka/crazyswarm_SimpleFlight/install/crazyflie_examples
[0.048s] -- The C compiler identification is GNU 11.4.0
[0.089s] -- The CXX compiler identification is GNU 11.4.0
[0.094s] -- Detecting C compiler ABI info
[0.141s] -- Detecting C compiler ABI info - done
[0.149s] -- Check for working C compiler: /usr/bin/cc - skipped
[0.149s] -- Detecting C compile features
[0.149s] -- Detecting C compile features - done
[0.151s] -- Detecting CXX compiler ABI info
[0.214s] -- Detecting CXX compiler ABI info - done
[0.221s] -- Check for working CXX compiler: /usr/bin/c++ - skipped
[0.221s] -- Detecting CXX compile features
[0.221s] -- Detecting CXX compile features - done
[0.223s] -- Found ament_cmake: 1.3.11 (/opt/ros/humble/share/ament_cmake/cmake)
[0.469s] -- Found Python3: /home/taka/miniconda3/envs/crazyswarm_simple/bin/python3 (found version "3.10.16") found components: Interpreter 
[0.513s] -- Override CMake install command with custom implementation using symlinks instead of copying resources
[0.611s] -- Found ament_cmake_pytest: 1.3.11 (/opt/ros/humble/share/ament_cmake_pytest/cmake)
[0.641s] [33mCMake Warning at /opt/ros/humble/share/ament_cmake_pytest/cmake/ament_add_pytest_test.cmake:79 (message):
[0.641s]   The Python module 'pytest' was not found, pytests cannot be run.  On Linux,
[0.641s]   install the 'python3-pytest' package.  On other platforms, install 'pytest'
[0.641s]   using pip.
[0.641s] Call Stack (most recent call first):
[0.641s]   CMakeLists.txt:27 (ament_add_pytest_test)
[0.641s] 
[0.641s] [0m
[0.667s] [33mCMake Warning at /opt/ros/humble/share/ament_cmake_pytest/cmake/ament_add_pytest_test.cmake:79 (message):
[0.667s]   The Python module 'pytest' was not found, pytests cannot be run.  On Linux,
[0.667s]   install the 'python3-pytest' package.  On other platforms, install 'pytest'
[0.668s]   using pip.
[0.668s] Call Stack (most recent call first):
[0.668s]   CMakeLists.txt:27 (ament_add_pytest_test)
[0.668s] 
[0.668s] [0m
[0.729s] -- Configuring done
[0.733s] -- Generating done
[0.735s] -- Build files have been written to: /home/taka/crazyswarm_SimpleFlight/build/crazyflie_examples
[0.739s] Invoked command in '/home/taka/crazyswarm_SimpleFlight/build/crazyflie_examples' returned '0': AMENT_PREFIX_PATH=/home/taka/crazyswarm_SimpleFlight/install/crazyflie_py:/home/taka/crazyswarm_SimpleFlight/install/crazyflie_interfaces:${AMENT_PREFIX_PATH} CMAKE_PREFIX_PATH=/home/taka/crazyswarm_SimpleFlight/install/crazyflie_interfaces:/opt/ros/humble CONDA_PROMPT_MODIFIER=(crazyswarm_simple) LD_LIBRARY_PATH=/home/taka/crazyswarm_SimpleFlight/install/crazyflie_interfaces/lib:${LD_LIBRARY_PATH} PYTHONPATH=/home/taka/crazyswarm_SimpleFlight/build/crazyflie_py:/home/taka/crazyswarm_SimpleFlight/install/crazyflie_py/lib/python3.10/site-packages:/home/taka/crazyswarm_SimpleFlight/install/crazyflie_interfaces/lib/python3.10/site-packages:${PYTHONPATH} /usr/bin/cmake /home/taka/crazyswarm_SimpleFlight/crazyflie_examples -DCMAKE_BUILD_TYPE=Release -DAMENT_CMAKE_SYMLINK_INSTALL=1 -DCMAKE_INSTALL_PREFIX=/home/taka/crazyswarm_SimpleFlight/install/crazyflie_examples
[0.740s] Invoking command in '/home/taka/crazyswarm_SimpleFlight/build/crazyflie_examples': AMENT_PREFIX_PATH=/home/taka/crazyswarm_SimpleFlight/install/crazyflie_py:/home/taka/crazyswarm_SimpleFlight/install/crazyflie_interfaces:${AMENT_PREFIX_PATH} CMAKE_PREFIX_PATH=/home/taka/crazyswarm_SimpleFlight/install/crazyflie_interfaces:/opt/ros/humble CONDA_PROMPT_MODIFIER=(crazyswarm_simple) LD_LIBRARY_PATH=/home/taka/crazyswarm_SimpleFlight/install/crazyflie_interfaces/lib:${LD_LIBRARY_PATH} PYTHONPATH=/home/taka/crazyswarm_SimpleFlight/build/crazyflie_py:/home/taka/crazyswarm_SimpleFlight/install/crazyflie_py/lib/python3.10/site-packages:/home/taka/crazyswarm_SimpleFlight/install/crazyflie_interfaces/lib/python3.10/site-packages:${PYTHONPATH} /usr/bin/cmake --build /home/taka/crazyswarm_SimpleFlight/build/crazyflie_examples -- -j20 -l20
[0.784s] Built target ament_cmake_python_symlink_crazyflie_examples_setup
[0.785s] Built target ament_cmake_python_symlink_crazyflie_examples
[0.917s] running install_scripts
[0.923s] running egg_info
[0.931s] creating crazyflie_examples.egg-info
[0.931s] writing crazyflie_examples.egg-info/PKG-INFO
[0.932s] writing dependency_links to crazyflie_examples.egg-info/dependency_links.txt
[0.932s] writing entry points to crazyflie_examples.egg-info/entry_points.txt
[0.932s] writing top-level names to crazyflie_examples.egg-info/top_level.txt
[0.932s] writing manifest file 'crazyflie_examples.egg-info/SOURCES.txt'
[0.934s] /home/taka/miniconda3/envs/crazyswarm_simple/lib/python3.10/site-packages/setuptools/_distutils/cmd.py:79: SetuptoolsDeprecationWarning: setup.py install is deprecated.
[0.934s] !!
[0.934s] 
[0.934s]         ********************************************************************************
[0.935s]         Please avoid running ``setup.py`` directly.
[0.935s]         Instead, use pypa/build, pypa/installer or other
[0.935s]         standards-based tools.
[0.935s] 
[0.935s]         See https://blog.ganssle.io/articles/2021/10/setup-py-deprecated.html for details.
[0.935s]         ********************************************************************************
[0.935s] 
[0.935s] !!
[0.935s]   self.initialize_options()
[0.937s] running egg_info
[0.955s] writing crazyflie_examples.egg-info/PKG-INFO
[0.955s] writing dependency_links to crazyflie_examples.egg-info/dependency_links.txt
[0.955s] writing entry points to crazyflie_examples.egg-info/entry_points.txt
[0.955s] writing top-level names to crazyflie_examples.egg-info/top_level.txt
[0.956s] reading manifest file 'crazyflie_examples.egg-info/SOURCES.txt'
[0.956s] writing manifest file 'crazyflie_examples.egg-info/SOURCES.txt'
[0.972s] reading manifest file 'crazyflie_examples.egg-info/SOURCES.txt'
[0.973s] writing manifest file 'crazyflie_examples.egg-info/SOURCES.txt'
[0.978s] Built target ament_cmake_python_build_crazyflie_examples_egg
[1.045s] Installing cmd_full_state script to scripts
[1.045s] Installing cmdv script to scripts
[1.045s] Installing figure8 script to scripts
[1.045s] Installing formation script to scripts
[1.045s] Installing hello_world script to scripts
[1.045s] Installing multi_trajectory script to scripts
[1.045s] Installing nice_hover script to scripts
[1.046s] Installing set_param script to scripts
[1.071s] Built target ament_cmake_python_build_crazyflie_examples_scripts
[1.080s] Invoked command in '/home/taka/crazyswarm_SimpleFlight/build/crazyflie_examples' returned '0': AMENT_PREFIX_PATH=/home/taka/crazyswarm_SimpleFlight/install/crazyflie_py:/home/taka/crazyswarm_SimpleFlight/install/crazyflie_interfaces:${AMENT_PREFIX_PATH} CMAKE_PREFIX_PATH=/home/taka/crazyswarm_SimpleFlight/install/crazyflie_interfaces:/opt/ros/humble CONDA_PROMPT_MODIFIER=(crazyswarm_simple) LD_LIBRARY_PATH=/home/taka/crazyswarm_SimpleFlight/install/crazyflie_interfaces/lib:${LD_LIBRARY_PATH} PYTHONPATH=/home/taka/crazyswarm_SimpleFlight/build/crazyflie_py:/home/taka/crazyswarm_SimpleFlight/install/crazyflie_py/lib/python3.10/site-packages:/home/taka/crazyswarm_SimpleFlight/install/crazyflie_interfaces/lib/python3.10/site-packages:${PYTHONPATH} /usr/bin/cmake --build /home/taka/crazyswarm_SimpleFlight/build/crazyflie_examples -- -j20 -l20
[1.081s] Invoking command in '/home/taka/crazyswarm_SimpleFlight/build/crazyflie_examples': AMENT_PREFIX_PATH=/home/taka/crazyswarm_SimpleFlight/install/crazyflie_py:/home/taka/crazyswarm_SimpleFlight/install/crazyflie_interfaces:${AMENT_PREFIX_PATH} CMAKE_PREFIX_PATH=/home/taka/crazyswarm_SimpleFlight/install/crazyflie_interfaces:/opt/ros/humble CONDA_PROMPT_MODIFIER=(crazyswarm_simple) LD_LIBRARY_PATH=/home/taka/crazyswarm_SimpleFlight/install/crazyflie_interfaces/lib:${LD_LIBRARY_PATH} PYTHONPATH=/home/taka/crazyswarm_SimpleFlight/build/crazyflie_py:/home/taka/crazyswarm_SimpleFlight/install/crazyflie_py/lib/python3.10/site-packages:/home/taka/crazyswarm_SimpleFlight/install/crazyflie_interfaces/lib/python3.10/site-packages:${PYTHONPATH} /usr/bin/cmake --install /home/taka/crazyswarm_SimpleFlight/build/crazyflie_examples
[1.087s] -- Install configuration: "Release"
[1.087s] -- Execute custom install script
[1.087s] -- Symlinking: /home/taka/crazyswarm_SimpleFlight/install/crazyflie_examples/share/crazyflie_examples/environment/pythonpath.sh
[1.094s] -- Symlinking: /home/taka/crazyswarm_SimpleFlight/install/crazyflie_examples/share/crazyflie_examples/environment/pythonpath.dsv
[1.102s] -- Symlinking: /home/taka/crazyswarm_SimpleFlight/install/crazyflie_examples/lib/python3.10/site-packages/crazyflie_examples-2.0.0-py3.10.egg-info/PKG-INFO
[1.108s] -- Symlinking: /home/taka/crazyswarm_SimpleFlight/install/crazyflie_examples/lib/python3.10/site-packages/crazyflie_examples-2.0.0-py3.10.egg-info/SOURCES.txt
[1.116s] -- Symlinking: /home/taka/crazyswarm_SimpleFlight/install/crazyflie_examples/lib/python3.10/site-packages/crazyflie_examples-2.0.0-py3.10.egg-info/dependency_links.txt
[1.121s] -- Symlinking: /home/taka/crazyswarm_SimpleFlight/install/crazyflie_examples/lib/python3.10/site-packages/crazyflie_examples-2.0.0-py3.10.egg-info/entry_points.txt
[1.128s] -- Symlinking: /home/taka/crazyswarm_SimpleFlight/install/crazyflie_examples/lib/python3.10/site-packages/crazyflie_examples-2.0.0-py3.10.egg-info/top_level.txt
[1.135s] -- Symlinking: /home/taka/crazyswarm_SimpleFlight/install/crazyflie_examples/lib/crazyflie_examples//cmd_full_state
[1.142s] -- Symlinking: /home/taka/crazyswarm_SimpleFlight/install/crazyflie_examples/lib/crazyflie_examples//cmdv
[1.154s] -- Symlinking: /home/taka/crazyswarm_SimpleFlight/install/crazyflie_examples/lib/crazyflie_examples//figure8
[1.161s] -- Symlinking: /home/taka/crazyswarm_SimpleFlight/install/crazyflie_examples/lib/crazyflie_examples//formation
[1.167s] -- Symlinking: /home/taka/crazyswarm_SimpleFlight/install/crazyflie_examples/lib/crazyflie_examples//hello_world
[1.174s] -- Symlinking: /home/taka/crazyswarm_SimpleFlight/install/crazyflie_examples/lib/crazyflie_examples//multi_trajectory
[1.181s] -- Symlinking: /home/taka/crazyswarm_SimpleFlight/install/crazyflie_examples/lib/crazyflie_examples//nice_hover
[1.187s] -- Symlinking: /home/taka/crazyswarm_SimpleFlight/install/crazyflie_examples/lib/crazyflie_examples//set_param
[1.193s] -- Symlinking: /home/taka/crazyswarm_SimpleFlight/install/crazyflie_examples/lib/python3.10/site-packages/crazyflie_examples/__init__.py
[1.199s] -- Symlinking: /home/taka/crazyswarm_SimpleFlight/install/crazyflie_examples/lib/python3.10/site-packages/crazyflie_examples/cache/67270310.json
[1.206s] -- Symlinking: /home/taka/crazyswarm_SimpleFlight/install/crazyflie_examples/lib/python3.10/site-packages/crazyflie_examples/cache/C931D955.json
[1.212s] -- Symlinking: /home/taka/crazyswarm_SimpleFlight/install/crazyflie_examples/lib/python3.10/site-packages/crazyflie_examples/circle.py
[1.218s] -- Symlinking: /home/taka/crazyswarm_SimpleFlight/install/crazyflie_examples/lib/python3.10/site-packages/crazyflie_examples/cmd_full_state.py
[1.224s] -- Symlinking: /home/taka/crazyswarm_SimpleFlight/install/crazyflie_examples/lib/python3.10/site-packages/crazyflie_examples/data/figure8.csv
[1.231s] -- Symlinking: /home/taka/crazyswarm_SimpleFlight/install/crazyflie_examples/lib/python3.10/site-packages/crazyflie_examples/data/generate_formation.py
[1.238s] -- Symlinking: /home/taka/crazyswarm_SimpleFlight/install/crazyflie_examples/lib/python3.10/site-packages/crazyflie_examples/data/multi_trajectory/traj0.csv
[1.245s] -- Symlinking: /home/taka/crazyswarm_SimpleFlight/install/crazyflie_examples/lib/python3.10/site-packages/crazyflie_examples/data/multi_trajectory/traj1.csv
[1.252s] -- Symlinking: /home/taka/crazyswarm_SimpleFlight/install/crazyflie_examples/lib/python3.10/site-packages/crazyflie_examples/fake/__init__.py
[1.257s] -- Symlinking: /home/taka/crazyswarm_SimpleFlight/install/crazyflie_examples/lib/python3.10/site-packages/crazyflie_examples/fake/control/pid.py
[1.262s] -- Symlinking: /home/taka/crazyswarm_SimpleFlight/install/crazyflie_examples/lib/python3.10/site-packages/crazyflie_examples/fake/control/rotate_utils.py
[1.268s] -- Symlinking: /home/taka/crazyswarm_SimpleFlight/install/crazyflie_examples/lib/python3.10/site-packages/crazyflie_examples/fake/datt.py
[1.276s] -- Symlinking: /home/taka/crazyswarm_SimpleFlight/install/crazyflie_examples/lib/python3.10/site-packages/crazyflie_examples/fake/exchange.py
[1.282s] -- Symlinking: /home/taka/crazyswarm_SimpleFlight/install/crazyflie_examples/lib/python3.10/site-packages/crazyflie_examples/fake/fake_env.py
[1.289s] -- Symlinking: /home/taka/crazyswarm_SimpleFlight/install/crazyflie_examples/lib/python3.10/site-packages/crazyflie_examples/fake/fake_env_refactor.py
[1.296s] -- Symlinking: /home/taka/crazyswarm_SimpleFlight/install/crazyflie_examples/lib/python3.10/site-packages/crazyflie_examples/fake/hover.py
[1.302s] -- Symlinking: /home/taka/crazyswarm_SimpleFlight/install/crazyflie_examples/lib/python3.10/site-packages/crazyflie_examples/fake/swarm/drone_swarm.py
[1.309s] -- Symlinking: /home/taka/crazyswarm_SimpleFlight/install/crazyflie_examples/lib/python3.10/site-packages/crazyflie_examples/fake/swarm/subscriber.py
[1.315s] -- Symlinking: /home/taka/crazyswarm_SimpleFlight/install/crazyflie_examples/lib/python3.10/site-packages/crazyflie_examples/fake/swarm/tf_swarm.py
[1.322s] -- Symlinking: /home/taka/crazyswarm_SimpleFlight/install/crazyflie_examples/lib/python3.10/site-packages/crazyflie_examples/fake/track.py
[1.328s] -- Symlinking: /home/taka/crazyswarm_SimpleFlight/install/crazyflie_examples/lib/python3.10/site-packages/crazyflie_examples/fake/utils/__init__.py
[1.335s] -- Symlinking: /home/taka/crazyswarm_SimpleFlight/install/crazyflie_examples/lib/python3.10/site-packages/crazyflie_examples/fake/utils/base.py
[1.342s] -- Symlinking: /home/taka/crazyswarm_SimpleFlight/install/crazyflie_examples/lib/python3.10/site-packages/crazyflie_examples/fake/utils/chained_polynomial.py
[1.348s] -- Symlinking: /home/taka/crazyswarm_SimpleFlight/install/crazyflie_examples/lib/python3.10/site-packages/crazyflie_examples/fake/utils/math_utils.py
[1.354s] -- Symlinking: /home/taka/crazyswarm_SimpleFlight/install/crazyflie_examples/lib/python3.10/site-packages/crazyflie_examples/fake/utils/pointed_star.py
[1.359s] -- Symlinking: /home/taka/crazyswarm_SimpleFlight/install/crazyflie_examples/lib/python3.10/site-packages/crazyflie_examples/fake/utils/zigzag.py
[1.365s] -- Symlinking: /home/taka/crazyswarm_SimpleFlight/install/crazyflie_examples/lib/python3.10/site-packages/crazyflie_examples/figure8.py
[1.372s] -- Symlinking: /home/taka/crazyswarm_SimpleFlight/install/crazyflie_examples/lib/python3.10/site-packages/crazyflie_examples/hello_world.py
[1.378s] -- Symlinking: /home/taka/crazyswarm_SimpleFlight/install/crazyflie_examples/lib/python3.10/site-packages/crazyflie_examples/model/deploy.pt
[1.383s] -- Symlinking: /home/taka/crazyswarm_SimpleFlight/install/crazyflie_examples/lib/python3.10/site-packages/crazyflie_examples/model/hover.pt
[1.389s] -- Symlinking: /home/taka/crazyswarm_SimpleFlight/install/crazyflie_examples/lib/python3.10/site-packages/crazyflie_examples/rl_arbitrary_track.py
[1.395s] -- Symlinking: /home/taka/crazyswarm_SimpleFlight/install/crazyflie_examples/lib/python3.10/site-packages/crazyflie_examples/rl_track.py
[1.401s] -- Symlinking: /home/taka/crazyswarm_SimpleFlight/install/crazyflie_examples/lib/python3.10/site-packages/crazyflie_examples/set_param.py
[1.407s] -- Symlinking: /home/taka/crazyswarm_SimpleFlight/install/crazyflie_examples/lib/python3.10/site-packages/crazyflie_examples/simulator_test.py
[1.414s] -- Symlinking: /home/taka/crazyswarm_SimpleFlight/install/crazyflie_examples/lib/python3.10/site-packages/crazyflie_examples/tf.py
[1.421s] -- Symlinking: /home/taka/crazyswarm_SimpleFlight/install/crazyflie_examples/share/crazyflie_examples//config/nav2_params.yaml
[1.427s] -- Symlinking: /home/taka/crazyswarm_SimpleFlight/install/crazyflie_examples/share/crazyflie_examples//config/nav2_view.rviz
[1.433s] -- Symlinking: /home/taka/crazyswarm_SimpleFlight/install/crazyflie_examples/share/crazyflie_examples//data/map.data
[1.440s] -- Symlinking: /home/taka/crazyswarm_SimpleFlight/install/crazyflie_examples/share/crazyflie_examples//data/map.pgm
[1.446s] -- Symlinking: /home/taka/crazyswarm_SimpleFlight/install/crazyflie_examples/share/crazyflie_examples//data/map.posegraph
[1.453s] -- Symlinking: /home/taka/crazyswarm_SimpleFlight/install/crazyflie_examples/share/crazyflie_examples//data/map.yaml
[1.459s] -- Symlinking: /home/taka/crazyswarm_SimpleFlight/install/crazyflie_examples/share/crazyflie_examples//launch/keyboard_velmux_launch.py
[1.466s] -- Symlinking: /home/taka/crazyswarm_SimpleFlight/install/crazyflie_examples/share/crazyflie_examples//launch/multiranger_mapping_launch.py
[1.471s] -- Symlinking: /home/taka/crazyswarm_SimpleFlight/install/crazyflie_examples/share/crazyflie_examples//launch/multiranger_nav2_launch.py
[1.478s] -- Symlinking: /home/taka/crazyswarm_SimpleFlight/install/crazyflie_examples/share/ament_index/resource_index/package_run_dependencies/crazyflie_examples
[1.484s] -- Symlinking: /home/taka/crazyswarm_SimpleFlight/install/crazyflie_examples/share/ament_index/resource_index/parent_prefix_path/crazyflie_examples
[1.490s] -- Symlinking: /home/taka/crazyswarm_SimpleFlight/install/crazyflie_examples/share/crazyflie_examples/environment/ament_prefix_path.sh
[1.496s] -- Symlinking: /home/taka/crazyswarm_SimpleFlight/install/crazyflie_examples/share/crazyflie_examples/environment/ament_prefix_path.dsv
[1.501s] -- Symlinking: /home/taka/crazyswarm_SimpleFlight/install/crazyflie_examples/share/crazyflie_examples/environment/path.sh
[1.508s] -- Symlinking: /home/taka/crazyswarm_SimpleFlight/install/crazyflie_examples/share/crazyflie_examples/environment/path.dsv
[1.513s] -- Symlinking: /home/taka/crazyswarm_SimpleFlight/install/crazyflie_examples/share/crazyflie_examples/local_setup.bash
[1.519s] -- Symlinking: /home/taka/crazyswarm_SimpleFlight/install/crazyflie_examples/share/crazyflie_examples/local_setup.sh
[1.527s] -- Symlinking: /home/taka/crazyswarm_SimpleFlight/install/crazyflie_examples/share/crazyflie_examples/local_setup.zsh
[1.533s] -- Symlinking: /home/taka/crazyswarm_SimpleFlight/install/crazyflie_examples/share/crazyflie_examples/local_setup.dsv
[1.540s] -- Symlinking: /home/taka/crazyswarm_SimpleFlight/install/crazyflie_examples/share/crazyflie_examples/package.dsv
[1.546s] -- Symlinking: /home/taka/crazyswarm_SimpleFlight/install/crazyflie_examples/share/ament_index/resource_index/packages/crazyflie_examples
[1.553s] -- Symlinking: /home/taka/crazyswarm_SimpleFlight/install/crazyflie_examples/share/crazyflie_examples/cmake/crazyflie_examplesConfig.cmake
[1.558s] -- Symlinking: /home/taka/crazyswarm_SimpleFlight/install/crazyflie_examples/share/crazyflie_examples/cmake/crazyflie_examplesConfig-version.cmake
[1.563s] -- Symlinking: /home/taka/crazyswarm_SimpleFlight/install/crazyflie_examples/share/crazyflie_examples/package.xml
[1.608s] Listing '/home/taka/crazyswarm_SimpleFlight/install/crazyflie_examples/lib/python3.10/site-packages/crazyflie_examples'...
[1.608s] Compiling '/home/taka/crazyswarm_SimpleFlight/install/crazyflie_examples/lib/python3.10/site-packages/crazyflie_examples/__init__.py'...
[1.608s] Listing '/home/taka/crazyswarm_SimpleFlight/install/crazyflie_examples/lib/python3.10/site-packages/crazyflie_examples/cache'...
[1.609s] Compiling '/home/taka/crazyswarm_SimpleFlight/install/crazyflie_examples/lib/python3.10/site-packages/crazyflie_examples/circle.py'...
[1.609s] Compiling '/home/taka/crazyswarm_SimpleFlight/install/crazyflie_examples/lib/python3.10/site-packages/crazyflie_examples/cmd_full_state.py'...
[1.609s] Listing '/home/taka/crazyswarm_SimpleFlight/install/crazyflie_examples/lib/python3.10/site-packages/crazyflie_examples/data'...
[1.609s] Compiling '/home/taka/crazyswarm_SimpleFlight/install/crazyflie_examples/lib/python3.10/site-packages/crazyflie_examples/data/generate_formation.py'...
[1.609s] Listing '/home/taka/crazyswarm_SimpleFlight/install/crazyflie_examples/lib/python3.10/site-packages/crazyflie_examples/data/multi_trajectory'...
[1.609s] Listing '/home/taka/crazyswarm_SimpleFlight/install/crazyflie_examples/lib/python3.10/site-packages/crazyflie_examples/fake'...
[1.609s] Compiling '/home/taka/crazyswarm_SimpleFlight/install/crazyflie_examples/lib/python3.10/site-packages/crazyflie_examples/fake/__init__.py'...
[1.609s] Listing '/home/taka/crazyswarm_SimpleFlight/install/crazyflie_examples/lib/python3.10/site-packages/crazyflie_examples/fake/control'...
[1.609s] Compiling '/home/taka/crazyswarm_SimpleFlight/install/crazyflie_examples/lib/python3.10/site-packages/crazyflie_examples/fake/control/pid.py'...
[1.609s] Compiling '/home/taka/crazyswarm_SimpleFlight/install/crazyflie_examples/lib/python3.10/site-packages/crazyflie_examples/fake/control/rotate_utils.py'...
[1.609s] Compiling '/home/taka/crazyswarm_SimpleFlight/install/crazyflie_examples/lib/python3.10/site-packages/crazyflie_examples/fake/datt.py'...
[1.609s] Compiling '/home/taka/crazyswarm_SimpleFlight/install/crazyflie_examples/lib/python3.10/site-packages/crazyflie_examples/fake/exchange.py'...
[1.609s] Compiling '/home/taka/crazyswarm_SimpleFlight/install/crazyflie_examples/lib/python3.10/site-packages/crazyflie_examples/fake/fake_env.py'...
[1.609s] Compiling '/home/taka/crazyswarm_SimpleFlight/install/crazyflie_examples/lib/python3.10/site-packages/crazyflie_examples/fake/fake_env_refactor.py'...
[1.609s] Compiling '/home/taka/crazyswarm_SimpleFlight/install/crazyflie_examples/lib/python3.10/site-packages/crazyflie_examples/fake/hover.py'...
[1.609s] Listing '/home/taka/crazyswarm_SimpleFlight/install/crazyflie_examples/lib/python3.10/site-packages/crazyflie_examples/fake/swarm'...
[1.609s] Compiling '/home/taka/crazyswarm_SimpleFlight/install/crazyflie_examples/lib/python3.10/site-packages/crazyflie_examples/fake/swarm/drone_swarm.py'...
[1.609s] Compiling '/home/taka/crazyswarm_SimpleFlight/install/crazyflie_examples/lib/python3.10/site-packages/crazyflie_examples/fake/swarm/subscriber.py'...
[1.609s] Compiling '/home/taka/crazyswarm_SimpleFlight/install/crazyflie_examples/lib/python3.10/site-packages/crazyflie_examples/fake/swarm/tf_swarm.py'...
[1.610s] Compiling '/home/taka/crazyswarm_SimpleFlight/install/crazyflie_examples/lib/python3.10/site-packages/crazyflie_examples/fake/track.py'...
[1.610s] Listing '/home/taka/crazyswarm_SimpleFlight/install/crazyflie_examples/lib/python3.10/site-packages/crazyflie_examples/fake/utils'...
[1.610s] Compiling '/home/taka/crazyswarm_SimpleFlight/install/crazyflie_examples/lib/python3.10/site-packages/crazyflie_examples/fake/utils/__init__.py'...
[1.610s] Compiling '/home/taka/crazyswarm_SimpleFlight/install/crazyflie_examples/lib/python3.10/site-packages/crazyflie_examples/fake/utils/base.py'...
[1.610s] Compiling '/home/taka/crazyswarm_SimpleFlight/install/crazyflie_examples/lib/python3.10/site-packages/crazyflie_examples/fake/utils/chained_polynomial.py'...
[1.610s] Compiling '/home/taka/crazyswarm_SimpleFlight/install/crazyflie_examples/lib/python3.10/site-packages/crazyflie_examples/fake/utils/math_utils.py'...
[1.610s] Compiling '/home/taka/crazyswarm_SimpleFlight/install/crazyflie_examples/lib/python3.10/site-packages/crazyflie_examples/fake/utils/pointed_star.py'...
[1.610s] Compiling '/home/taka/crazyswarm_SimpleFlight/install/crazyflie_examples/lib/python3.10/site-packages/crazyflie_examples/fake/utils/zigzag.py'...
[1.610s] Compiling '/home/taka/crazyswarm_SimpleFlight/install/crazyflie_examples/lib/python3.10/site-packages/crazyflie_examples/figure8.py'...
[1.610s] Compiling '/home/taka/crazyswarm_SimpleFlight/install/crazyflie_examples/lib/python3.10/site-packages/crazyflie_examples/hello_world.py'...
[1.610s] Listing '/home/taka/crazyswarm_SimpleFlight/install/crazyflie_examples/lib/python3.10/site-packages/crazyflie_examples/model'...
[1.610s] Compiling '/home/taka/crazyswarm_SimpleFlight/install/crazyflie_examples/lib/python3.10/site-packages/crazyflie_examples/rl_arbitrary_track.py'...
[1.610s] Compiling '/home/taka/crazyswarm_SimpleFlight/install/crazyflie_examples/lib/python3.10/site-packages/crazyflie_examples/rl_track.py'...
[1.610s] Compiling '/home/taka/crazyswarm_SimpleFlight/install/crazyflie_examples/lib/python3.10/site-packages/crazyflie_examples/set_param.py'...
[1.610s] Compiling '/home/taka/crazyswarm_SimpleFlight/install/crazyflie_examples/lib/python3.10/site-packages/crazyflie_examples/simulator_test.py'...
[1.610s] Compiling '/home/taka/crazyswarm_SimpleFlight/install/crazyflie_examples/lib/python3.10/site-packages/crazyflie_examples/tf.py'...
[1.614s] Invoked command in '/home/taka/crazyswarm_SimpleFlight/build/crazyflie_examples' returned '0': AMENT_PREFIX_PATH=/home/taka/crazyswarm_SimpleFlight/install/crazyflie_py:/home/taka/crazyswarm_SimpleFlight/install/crazyflie_interfaces:${AMENT_PREFIX_PATH} CMAKE_PREFIX_PATH=/home/taka/crazyswarm_SimpleFlight/install/crazyflie_interfaces:/opt/ros/humble CONDA_PROMPT_MODIFIER=(crazyswarm_simple) LD_LIBRARY_PATH=/home/taka/crazyswarm_SimpleFlight/install/crazyflie_interfaces/lib:${LD_LIBRARY_PATH} PYTHONPATH=/home/taka/crazyswarm_SimpleFlight/build/crazyflie_py:/home/taka/crazyswarm_SimpleFlight/install/crazyflie_py/lib/python3.10/site-packages:/home/taka/crazyswarm_SimpleFlight/install/crazyflie_interfaces/lib/python3.10/site-packages:${PYTHONPATH} /usr/bin/cmake --install /home/taka/crazyswarm_SimpleFlight/build/crazyflie_examples
