[0.006s] Invoking command in '/home/taka/crazyswarm_SimpleFlight/build/crazyflie_interfaces': CMAKE_PREFIX_PATH=/opt/ros/humble CONDA_PROMPT_MODIFIER=(crazyswarm_simple) /usr/bin/cmake /home/taka/crazyswarm_SimpleFlight/crazyflie_interfaces -DCMAKE_BUILD_TYPE=Release -DAMENT_CMAKE_SYMLINK_INSTALL=1 -DCMAKE_INSTALL_PREFIX=/home/taka/crazyswarm_SimpleFlight/install/crazyflie_interfaces
[0.014s] -- Found ament_cmake: 1.3.11 (/opt/ros/humble/share/ament_cmake/cmake)
[0.095s] -- Override CMake install command with custom implementation using symlinks instead of copying resources
[0.099s] -- Found builtin_interfaces: 1.2.1 (/opt/ros/humble/share/builtin_interfaces/cmake)
[0.113s] -- Found rosidl_generator_c: 3.1.6 (/opt/ros/humble/share/rosidl_generator_c/cmake)
[0.114s] -- Found rosidl_adapter: 3.1.6 (/opt/ros/humble/share/rosidl_adapter/cmake)
[0.117s] -- Found rosidl_generator_cpp: 3.1.6 (/opt/ros/humble/share/rosidl_generator_cpp/cmake)
[0.122s] -- Using all available rosidl_typesupport_c: rosidl_typesupport_fastrtps_c;rosidl_typesupport_introspection_c
[0.129s] -- Using all available rosidl_typesupport_cpp: rosidl_typesupport_fastrtps_cpp;rosidl_typesupport_introspection_cpp
[0.135s] -- Found geometry_msgs: 4.2.4 (/opt/ros/humble/share/geometry_msgs/cmake)
[0.148s] -- Found rosidl_default_generators: 1.2.0 (/opt/ros/humble/share/rosidl_default_generators/cmake)
[0.320s] Traceback (most recent call last):
[0.320s]   File "/opt/ros/humble/share/ament_cmake_core/cmake/core/package_xml_2_cmake.py", line 22, in <module>
[0.320s]     from catkin_pkg.package import parse_package_string
[0.320s] ModuleNotFoundError: No module named 'catkin_pkg'
[0.322s] [31mCMake Error at /opt/ros/humble/share/ament_cmake_core/cmake/core/ament_package_xml.cmake:95 (message):
[0.322s]   execute_process(/home/taka/miniconda3/envs/crazyswarm_simple/bin/python3
[0.322s]   /opt/ros/humble/share/ament_cmake_core/cmake/core/package_xml_2_cmake.py
[0.322s]   /home/taka/crazyswarm_SimpleFlight/crazyflie_interfaces/package.xml
[0.322s]   /home/taka/crazyswarm_SimpleFlight/build/crazyflie_interfaces/ament_cmake_core/package.cmake)
[0.322s]   returned error code 1
[0.322s] Call Stack (most recent call first):
[0.322s]   /opt/ros/humble/share/ament_cmake_core/cmake/core/ament_package_xml.cmake:49 (_ament_package_xml)
[0.322s]   /opt/ros/humble/share/rosidl_cmake/cmake/rosidl_generate_interfaces.cmake:226 (ament_package_xml)
[0.322s]   CMakeLists.txt:20 (rosidl_generate_interfaces)
[0.322s] 
[0.322s] [0m
[0.323s] -- Configuring incomplete, errors occurred!
[0.323s] See also "/home/taka/crazyswarm_SimpleFlight/build/crazyflie_interfaces/CMakeFiles/CMakeOutput.log".
[0.326s] Invoked command in '/home/taka/crazyswarm_SimpleFlight/build/crazyflie_interfaces' returned '1': CMAKE_PREFIX_PATH=/opt/ros/humble CONDA_PROMPT_MODIFIER=(crazyswarm_simple) /usr/bin/cmake /home/taka/crazyswarm_SimpleFlight/crazyflie_interfaces -DCMAKE_BUILD_TYPE=Release -DAMENT_CMAKE_SYMLINK_INSTALL=1 -DCMAKE_INSTALL_PREFIX=/home/taka/crazyswarm_SimpleFlight/install/crazyflie_interfaces
