[0.458s] Invoking command in '/home/taka/crazyswarm_SimpleFlight/build/crazyflie_py': AMENT_PREFIX_PATH=/home/taka/crazyswarm_SimpleFlight/install/crazyflie_interfaces:${AMENT_PREFIX_PATH} CMAKE_PREFIX_PATH=/home/taka/crazyswarm_SimpleFlight/install/crazyflie_interfaces CONDA_PROMPT_MODIFIER=(crazyswarm_simple) LD_LIBRARY_PATH=/home/taka/crazyswarm_SimpleFlight/install/crazyflie_interfaces/lib:${LD_LIBRARY_PATH} PYTHONPATH=/home/taka/crazyswarm_SimpleFlight/build/crazyflie_py/prefix_override:/usr/lib/python3/dist-packages/colcon_core/task/python/colcon_distutils_commands:/home/taka/crazyswarm_SimpleFlight/install/crazyflie_py/lib/python3.10/site-packages:/home/taka/crazyswarm_SimpleFlight/install/crazyflie_interfaces/lib/python3.10/site-packages:${PYTHONPATH} /usr/bin/python3 -W ignore:setup.py install is deprecated -W ignore:easy_install command is deprecated setup.py develop --editable --build-directory /home/taka/crazyswarm_SimpleFlight/build/crazyflie_py/build --no-deps symlink_data
[0.624s] running develop
[0.743s] running egg_info
[0.743s] creating crazyflie_py.egg-info
[0.743s] writing crazyflie_py.egg-info/PKG-INFO
[0.743s] writing dependency_links to crazyflie_py.egg-info/dependency_links.txt
[0.743s] writing entry points to crazyflie_py.egg-info/entry_points.txt
[0.744s] writing requirements to crazyflie_py.egg-info/requires.txt
[0.744s] writing top-level names to crazyflie_py.egg-info/top_level.txt
[0.744s] writing manifest file 'crazyflie_py.egg-info/SOURCES.txt'
[0.745s] reading manifest file 'crazyflie_py.egg-info/SOURCES.txt'
[0.745s] writing manifest file 'crazyflie_py.egg-info/SOURCES.txt'
[0.763s] running build_ext
[0.764s] Creating /home/taka/crazyswarm_SimpleFlight/install/crazyflie_py/lib/python3.10/site-packages/crazyflie-py.egg-link (link to .)
[0.764s] 
[0.764s] Installed /home/taka/crazyswarm_SimpleFlight/build/crazyflie_py
[0.764s] running symlink_data
[0.764s] creating /home/taka/crazyswarm_SimpleFlight/install/crazyflie_py/share/ament_index
[0.764s] creating /home/taka/crazyswarm_SimpleFlight/install/crazyflie_py/share/ament_index/resource_index
[0.764s] creating /home/taka/crazyswarm_SimpleFlight/install/crazyflie_py/share/ament_index/resource_index/packages
[0.764s] symbolically linking /home/taka/crazyswarm_SimpleFlight/build/crazyflie_py/resource/crazyflie_py -> /home/taka/crazyswarm_SimpleFlight/install/crazyflie_py/share/ament_index/resource_index/packages
[0.764s] symbolically linking /home/taka/crazyswarm_SimpleFlight/build/crazyflie_py/package.xml -> /home/taka/crazyswarm_SimpleFlight/install/crazyflie_py/share/crazyflie_py
[0.783s] Invoked command in '/home/taka/crazyswarm_SimpleFlight/build/crazyflie_py' returned '0': AMENT_PREFIX_PATH=/home/taka/crazyswarm_SimpleFlight/install/crazyflie_interfaces:${AMENT_PREFIX_PATH} CMAKE_PREFIX_PATH=/home/taka/crazyswarm_SimpleFlight/install/crazyflie_interfaces CONDA_PROMPT_MODIFIER=(crazyswarm_simple) LD_LIBRARY_PATH=/home/taka/crazyswarm_SimpleFlight/install/crazyflie_interfaces/lib:${LD_LIBRARY_PATH} PYTHONPATH=/home/taka/crazyswarm_SimpleFlight/build/crazyflie_py/prefix_override:/usr/lib/python3/dist-packages/colcon_core/task/python/colcon_distutils_commands:/home/taka/crazyswarm_SimpleFlight/install/crazyflie_py/lib/python3.10/site-packages:/home/taka/crazyswarm_SimpleFlight/install/crazyflie_interfaces/lib/python3.10/site-packages:${PYTHONPATH} /usr/bin/python3 -W ignore:setup.py install is deprecated -W ignore:easy_install command is deprecated setup.py develop --editable --build-directory /home/taka/crazyswarm_SimpleFlight/build/crazyflie_py/build --no-deps symlink_data
