[0.008s] Invoking command in '/home/taka/crazyswarm_SimpleFlight/build/crazyflie_interfaces': CMAKE_PREFIX_PATH=/opt/ros/humble CONDA_PROMPT_MODIFIER=(crazyswarm_simple) /usr/bin/cmake /home/taka/crazyswarm_SimpleFlight/crazyflie_interfaces -DCMAKE_BUILD_TYPE=Release -DAMENT_CMAKE_SYMLINK_INSTALL=1 -DCMAKE_INSTALL_PREFIX=/home/taka/crazyswarm_SimpleFlight/install/crazyflie_interfaces
[0.104s] -- The C compiler identification is GNU 11.4.0
[0.171s] -- The CXX compiler identification is GNU 11.4.0
[0.178s] -- Detecting C compiler ABI info
[0.254s] -- Detecting C compiler ABI info - done
[0.261s] -- Check for working C compiler: /usr/bin/cc - skipped
[0.261s] -- Detecting C compile features
[0.262s] -- Detecting C compile features - done
[0.264s] -- Detecting CXX compiler ABI info
[0.340s] -- Detecting CXX compiler ABI info - done
[0.345s] -- Check for working CXX compiler: /usr/bin/c++ - skipped
[0.345s] -- Detecting CXX compile features
[0.345s] -- Detecting CXX compile features - done
[0.349s] -- Found ament_cmake: 1.3.11 (/opt/ros/humble/share/ament_cmake/cmake)
[0.603s] -- Found Python3: /home/taka/miniconda3/envs/crazyswarm_simple/bin/python3 (found version "3.10.16") found components: Interpreter 
[0.647s] -- Override CMake install command with custom implementation using symlinks instead of copying resources
[0.667s] -- Found builtin_interfaces: 1.2.1 (/opt/ros/humble/share/builtin_interfaces/cmake)
[0.692s] -- Found rosidl_generator_c: 3.1.6 (/opt/ros/humble/share/rosidl_generator_c/cmake)
[0.695s] -- Found rosidl_adapter: 3.1.6 (/opt/ros/humble/share/rosidl_adapter/cmake)
[0.701s] -- Found rosidl_generator_cpp: 3.1.6 (/opt/ros/humble/share/rosidl_generator_cpp/cmake)
[0.710s] -- Using all available rosidl_typesupport_c: rosidl_typesupport_fastrtps_c;rosidl_typesupport_introspection_c
[0.721s] -- Using all available rosidl_typesupport_cpp: rosidl_typesupport_fastrtps_cpp;rosidl_typesupport_introspection_cpp
[0.731s] -- Found geometry_msgs: 4.2.4 (/opt/ros/humble/share/geometry_msgs/cmake)
[0.750s] -- Found rosidl_default_generators: 1.2.0 (/opt/ros/humble/share/rosidl_default_generators/cmake)
[0.828s] [31mCMake Error at /opt/ros/humble/share/rosidl_adapter/cmake/rosidl_adapt_interfaces.cmake:59 (message):
[0.828s]   execute_process(/home/taka/miniconda3/envs/crazyswarm_simple/bin/python3 -m
[0.828s]   rosidl_adapter --package-name crazyflie_interfaces --arguments-file
[0.828s]   /home/taka/crazyswarm_SimpleFlight/build/crazyflie_interfaces/rosidl_adapter__arguments__crazyflie_interfaces.json
[0.828s]   --output-dir
[0.829s]   /home/taka/crazyswarm_SimpleFlight/build/crazyflie_interfaces/rosidl_adapter/crazyflie_interfaces
[0.829s]   --output-file
[0.829s]   /home/taka/crazyswarm_SimpleFlight/build/crazyflie_interfaces/rosidl_adapter/crazyflie_interfaces.idls)
[0.829s]   returned error code 1:
[0.829s] 
[0.829s]   Traceback (most recent call last):
[0.829s] 
[0.829s]     File "/home/taka/miniconda3/envs/crazyswarm_simple/lib/python3.10/runpy.py", line 196, in _run_module_as_main
[0.829s]       return _run_code(code, main_globals, None,
[0.829s]     File "/home/taka/miniconda3/envs/crazyswarm_simple/lib/python3.10/runpy.py", line 86, in _run_code
[0.829s]       exec(code, run_globals)
[0.829s]     File "/opt/ros/humble/local/lib/python3.10/dist-packages/rosidl_adapter/__main__.py", line 19, in <module>
[0.829s]       sys.exit(main())
[0.829s]     File "/opt/ros/humble/local/lib/python3.10/dist-packages/rosidl_adapter/main.py", line 53, in main
[0.829s]       abs_idl_file = convert_to_idl(
[0.829s]     File "/opt/ros/humble/local/lib/python3.10/dist-packages/rosidl_adapter/__init__.py", line 18, in convert_to_idl
[0.829s]       from rosidl_adapter.msg import convert_msg_to_idl
[0.829s]     File "/opt/ros/humble/local/lib/python3.10/dist-packages/rosidl_adapter/msg/__init__.py", line 16, in <module>
[0.829s]       from rosidl_adapter.resource import expand_template
[0.829s]     File "/opt/ros/humble/local/lib/python3.10/dist-packages/rosidl_adapter/resource/__init__.py", line 19, in <module>
[0.829s]       import em
[0.829s] 
[0.829s]   ModuleNotFoundError: No module named 'em'
[0.829s] 
[0.829s] Call Stack (most recent call first):
[0.829s]   /opt/ros/humble/share/rosidl_cmake/cmake/rosidl_generate_interfaces.cmake:130 (rosidl_adapt_interfaces)
[0.829s]   CMakeLists.txt:20 (rosidl_generate_interfaces)
[0.829s] 
[0.829s] [0m
[0.829s] -- Configuring incomplete, errors occurred!
[0.829s] See also "/home/taka/crazyswarm_SimpleFlight/build/crazyflie_interfaces/CMakeFiles/CMakeOutput.log".
[0.833s] Invoked command in '/home/taka/crazyswarm_SimpleFlight/build/crazyflie_interfaces' returned '1': CMAKE_PREFIX_PATH=/opt/ros/humble CONDA_PROMPT_MODIFIER=(crazyswarm_simple) /usr/bin/cmake /home/taka/crazyswarm_SimpleFlight/crazyflie_interfaces -DCMAKE_BUILD_TYPE=Release -DAMENT_CMAKE_SYMLINK_INSTALL=1 -DCMAKE_INSTALL_PREFIX=/home/taka/crazyswarm_SimpleFlight/install/crazyflie_interfaces
