Built target ament_cmake_python_symlink_crazyflie_examples
Built target ament_cmake_python_symlink_crazyflie_examples_setup
running install_scripts
running egg_info
/home/taka/.local/share/ov/pkg/isaac_sim-2022.2.0/kit/extscore/omni.kit.pip_archive/pip_prebundle/setuptools/command/install.py:34: SetuptoolsDeprecationWarning: setup.py install is deprecated. Use build and pip and other standards-based tools.
  warnings.warn(
writing crazyflie_examples.egg-info/PKG-INFO
writing dependency_links to crazyflie_examples.egg-info/dependency_links.txt
writing entry points to crazyflie_examples.egg-info/entry_points.txt
writing top-level names to crazyflie_examples.egg-info/top_level.txt
running egg_info
reading manifest file 'crazyflie_examples.egg-info/SOURCES.txt'
writing manifest file 'crazyflie_examples.egg-info/SOURCES.txt'
writing crazyflie_examples.egg-info/PKG-INFO
writing dependency_links to crazyflie_examples.egg-info/dependency_links.txt
writing entry points to crazyflie_examples.egg-info/entry_points.txt
writing top-level names to crazyflie_examples.egg-info/top_level.txt
Built target ament_cmake_python_build_crazyflie_examples_egg
reading manifest file 'crazyflie_examples.egg-info/SOURCES.txt'
writing manifest file 'crazyflie_examples.egg-info/SOURCES.txt'
Installing cmd_full_state script to scripts
Installing cmdv script to scripts
Installing figure8 script to scripts
Installing formation script to scripts
Installing hello_world script to scripts
Installing multi_trajectory script to scripts
Installing nice_hover script to scripts
Installing set_param script to scripts
Built target ament_cmake_python_build_crazyflie_examples_scripts
-- Install configuration: "Release"
-- Execute custom install script
-- Up-to-date symlink: /home/taka/crazyswarm_SimpleFlight/install/crazyflie_examples/share/crazyflie_examples/environment/pythonpath.sh
-- Up-to-date symlink: /home/taka/crazyswarm_SimpleFlight/install/crazyflie_examples/share/crazyflie_examples/environment/pythonpath.dsv
-- Up-to-date symlink: /home/taka/crazyswarm_SimpleFlight/install/crazyflie_examples/lib/python3.10/site-packages/crazyflie_examples-2.0.0-py3.10.egg-info/PKG-INFO
-- Up-to-date symlink: /home/taka/crazyswarm_SimpleFlight/install/crazyflie_examples/lib/python3.10/site-packages/crazyflie_examples-2.0.0-py3.10.egg-info/SOURCES.txt
-- Up-to-date symlink: /home/taka/crazyswarm_SimpleFlight/install/crazyflie_examples/lib/python3.10/site-packages/crazyflie_examples-2.0.0-py3.10.egg-info/dependency_links.txt
-- Up-to-date symlink: /home/taka/crazyswarm_SimpleFlight/install/crazyflie_examples/lib/python3.10/site-packages/crazyflie_examples-2.0.0-py3.10.egg-info/entry_points.txt
-- Up-to-date symlink: /home/taka/crazyswarm_SimpleFlight/install/crazyflie_examples/lib/python3.10/site-packages/crazyflie_examples-2.0.0-py3.10.egg-info/top_level.txt
-- Up-to-date symlink: /home/taka/crazyswarm_SimpleFlight/install/crazyflie_examples/lib/crazyflie_examples//cmd_full_state
-- Up-to-date symlink: /home/taka/crazyswarm_SimpleFlight/install/crazyflie_examples/lib/crazyflie_examples//cmdv
-- Up-to-date symlink: /home/taka/crazyswarm_SimpleFlight/install/crazyflie_examples/lib/crazyflie_examples//figure8
-- Up-to-date symlink: /home/taka/crazyswarm_SimpleFlight/install/crazyflie_examples/lib/crazyflie_examples//formation
-- Up-to-date symlink: /home/taka/crazyswarm_SimpleFlight/install/crazyflie_examples/lib/crazyflie_examples//hello_world
-- Up-to-date symlink: /home/taka/crazyswarm_SimpleFlight/install/crazyflie_examples/lib/crazyflie_examples//multi_trajectory
-- Up-to-date symlink: /home/taka/crazyswarm_SimpleFlight/install/crazyflie_examples/lib/crazyflie_examples//nice_hover
-- Up-to-date symlink: /home/taka/crazyswarm_SimpleFlight/install/crazyflie_examples/lib/crazyflie_examples//set_param
-- Up-to-date symlink: /home/taka/crazyswarm_SimpleFlight/install/crazyflie_examples/lib/python3.10/site-packages/crazyflie_examples/__init__.py
-- Up-to-date symlink: /home/taka/crazyswarm_SimpleFlight/install/crazyflie_examples/lib/python3.10/site-packages/crazyflie_examples/cache/67270310.json
-- Up-to-date symlink: /home/taka/crazyswarm_SimpleFlight/install/crazyflie_examples/lib/python3.10/site-packages/crazyflie_examples/cache/C931D955.json
-- Up-to-date symlink: /home/taka/crazyswarm_SimpleFlight/install/crazyflie_examples/lib/python3.10/site-packages/crazyflie_examples/circle.py
-- Up-to-date symlink: /home/taka/crazyswarm_SimpleFlight/install/crazyflie_examples/lib/python3.10/site-packages/crazyflie_examples/cmd_full_state.py
-- Up-to-date symlink: /home/taka/crazyswarm_SimpleFlight/install/crazyflie_examples/lib/python3.10/site-packages/crazyflie_examples/data/figure8.csv
-- Up-to-date symlink: /home/taka/crazyswarm_SimpleFlight/install/crazyflie_examples/lib/python3.10/site-packages/crazyflie_examples/data/generate_formation.py
-- Up-to-date symlink: /home/taka/crazyswarm_SimpleFlight/install/crazyflie_examples/lib/python3.10/site-packages/crazyflie_examples/data/multi_trajectory/traj0.csv
-- Up-to-date symlink: /home/taka/crazyswarm_SimpleFlight/install/crazyflie_examples/lib/python3.10/site-packages/crazyflie_examples/data/multi_trajectory/traj1.csv
-- Up-to-date symlink: /home/taka/crazyswarm_SimpleFlight/install/crazyflie_examples/lib/python3.10/site-packages/crazyflie_examples/fake/__init__.py
-- Up-to-date symlink: /home/taka/crazyswarm_SimpleFlight/install/crazyflie_examples/lib/python3.10/site-packages/crazyflie_examples/fake/control/pid.py
-- Up-to-date symlink: /home/taka/crazyswarm_SimpleFlight/install/crazyflie_examples/lib/python3.10/site-packages/crazyflie_examples/fake/control/rotate_utils.py
-- Up-to-date symlink: /home/taka/crazyswarm_SimpleFlight/install/crazyflie_examples/lib/python3.10/site-packages/crazyflie_examples/fake/datt.py
-- Up-to-date symlink: /home/taka/crazyswarm_SimpleFlight/install/crazyflie_examples/lib/python3.10/site-packages/crazyflie_examples/fake/exchange.py
-- Up-to-date symlink: /home/taka/crazyswarm_SimpleFlight/install/crazyflie_examples/lib/python3.10/site-packages/crazyflie_examples/fake/fake_env.py
-- Up-to-date symlink: /home/taka/crazyswarm_SimpleFlight/install/crazyflie_examples/lib/python3.10/site-packages/crazyflie_examples/fake/fake_env_refactor.py
-- Up-to-date symlink: /home/taka/crazyswarm_SimpleFlight/install/crazyflie_examples/lib/python3.10/site-packages/crazyflie_examples/fake/hover.py
-- Up-to-date symlink: /home/taka/crazyswarm_SimpleFlight/install/crazyflie_examples/lib/python3.10/site-packages/crazyflie_examples/fake/swarm/drone_swarm.py
-- Up-to-date symlink: /home/taka/crazyswarm_SimpleFlight/install/crazyflie_examples/lib/python3.10/site-packages/crazyflie_examples/fake/swarm/subscriber.py
-- Up-to-date symlink: /home/taka/crazyswarm_SimpleFlight/install/crazyflie_examples/lib/python3.10/site-packages/crazyflie_examples/fake/swarm/tf_swarm.py
-- Up-to-date symlink: /home/taka/crazyswarm_SimpleFlight/install/crazyflie_examples/lib/python3.10/site-packages/crazyflie_examples/fake/track.py
-- Up-to-date symlink: /home/taka/crazyswarm_SimpleFlight/install/crazyflie_examples/lib/python3.10/site-packages/crazyflie_examples/fake/utils/__init__.py
-- Up-to-date symlink: /home/taka/crazyswarm_SimpleFlight/install/crazyflie_examples/lib/python3.10/site-packages/crazyflie_examples/fake/utils/base.py
-- Up-to-date symlink: /home/taka/crazyswarm_SimpleFlight/install/crazyflie_examples/lib/python3.10/site-packages/crazyflie_examples/fake/utils/chained_polynomial.py
-- Up-to-date symlink: /home/taka/crazyswarm_SimpleFlight/install/crazyflie_examples/lib/python3.10/site-packages/crazyflie_examples/fake/utils/math_utils.py
-- Up-to-date symlink: /home/taka/crazyswarm_SimpleFlight/install/crazyflie_examples/lib/python3.10/site-packages/crazyflie_examples/fake/utils/pointed_star.py
-- Up-to-date symlink: /home/taka/crazyswarm_SimpleFlight/install/crazyflie_examples/lib/python3.10/site-packages/crazyflie_examples/fake/utils/zigzag.py
-- Up-to-date symlink: /home/taka/crazyswarm_SimpleFlight/install/crazyflie_examples/lib/python3.10/site-packages/crazyflie_examples/figure8.py
-- Up-to-date symlink: /home/taka/crazyswarm_SimpleFlight/install/crazyflie_examples/lib/python3.10/site-packages/crazyflie_examples/hello_world.py
-- Up-to-date symlink: /home/taka/crazyswarm_SimpleFlight/install/crazyflie_examples/lib/python3.10/site-packages/crazyflie_examples/model/deploy.pt
-- Up-to-date symlink: /home/taka/crazyswarm_SimpleFlight/install/crazyflie_examples/lib/python3.10/site-packages/crazyflie_examples/model/hover.pt
-- Up-to-date symlink: /home/taka/crazyswarm_SimpleFlight/install/crazyflie_examples/lib/python3.10/site-packages/crazyflie_examples/rl_arbitrary_track.py
-- Up-to-date symlink: /home/taka/crazyswarm_SimpleFlight/install/crazyflie_examples/lib/python3.10/site-packages/crazyflie_examples/rl_track.py
-- Up-to-date symlink: /home/taka/crazyswarm_SimpleFlight/install/crazyflie_examples/lib/python3.10/site-packages/crazyflie_examples/set_param.py
-- Up-to-date symlink: /home/taka/crazyswarm_SimpleFlight/install/crazyflie_examples/lib/python3.10/site-packages/crazyflie_examples/simulator_test.py
-- Up-to-date symlink: /home/taka/crazyswarm_SimpleFlight/install/crazyflie_examples/lib/python3.10/site-packages/crazyflie_examples/tf.py
-- Up-to-date symlink: /home/taka/crazyswarm_SimpleFlight/install/crazyflie_examples/share/crazyflie_examples//config/nav2_params.yaml
-- Up-to-date symlink: /home/taka/crazyswarm_SimpleFlight/install/crazyflie_examples/share/crazyflie_examples//config/nav2_view.rviz
-- Up-to-date symlink: /home/taka/crazyswarm_SimpleFlight/install/crazyflie_examples/share/crazyflie_examples//data/map.data
-- Up-to-date symlink: /home/taka/crazyswarm_SimpleFlight/install/crazyflie_examples/share/crazyflie_examples//data/map.pgm
-- Up-to-date symlink: /home/taka/crazyswarm_SimpleFlight/install/crazyflie_examples/share/crazyflie_examples//data/map.posegraph
-- Up-to-date symlink: /home/taka/crazyswarm_SimpleFlight/install/crazyflie_examples/share/crazyflie_examples//data/map.yaml
-- Up-to-date symlink: /home/taka/crazyswarm_SimpleFlight/install/crazyflie_examples/share/crazyflie_examples//launch/keyboard_velmux_launch.py
-- Up-to-date symlink: /home/taka/crazyswarm_SimpleFlight/install/crazyflie_examples/share/crazyflie_examples//launch/multiranger_mapping_launch.py
-- Up-to-date symlink: /home/taka/crazyswarm_SimpleFlight/install/crazyflie_examples/share/crazyflie_examples//launch/multiranger_nav2_launch.py
-- Up-to-date symlink: /home/taka/crazyswarm_SimpleFlight/install/crazyflie_examples/share/ament_index/resource_index/package_run_dependencies/crazyflie_examples
-- Up-to-date symlink: /home/taka/crazyswarm_SimpleFlight/install/crazyflie_examples/share/ament_index/resource_index/parent_prefix_path/crazyflie_examples
-- Up-to-date symlink: /home/taka/crazyswarm_SimpleFlight/install/crazyflie_examples/share/crazyflie_examples/environment/ament_prefix_path.sh
-- Up-to-date symlink: /home/taka/crazyswarm_SimpleFlight/install/crazyflie_examples/share/crazyflie_examples/environment/ament_prefix_path.dsv
-- Up-to-date symlink: /home/taka/crazyswarm_SimpleFlight/install/crazyflie_examples/share/crazyflie_examples/environment/path.sh
-- Up-to-date symlink: /home/taka/crazyswarm_SimpleFlight/install/crazyflie_examples/share/crazyflie_examples/environment/path.dsv
-- Up-to-date symlink: /home/taka/crazyswarm_SimpleFlight/install/crazyflie_examples/share/crazyflie_examples/local_setup.bash
-- Up-to-date symlink: /home/taka/crazyswarm_SimpleFlight/install/crazyflie_examples/share/crazyflie_examples/local_setup.sh
-- Up-to-date symlink: /home/taka/crazyswarm_SimpleFlight/install/crazyflie_examples/share/crazyflie_examples/local_setup.zsh
-- Up-to-date symlink: /home/taka/crazyswarm_SimpleFlight/install/crazyflie_examples/share/crazyflie_examples/local_setup.dsv
-- Symlinking: /home/taka/crazyswarm_SimpleFlight/install/crazyflie_examples/share/crazyflie_examples/package.dsv
-- Up-to-date symlink: /home/taka/crazyswarm_SimpleFlight/install/crazyflie_examples/share/ament_index/resource_index/packages/crazyflie_examples
-- Up-to-date symlink: /home/taka/crazyswarm_SimpleFlight/install/crazyflie_examples/share/crazyflie_examples/cmake/crazyflie_examplesConfig.cmake
-- Up-to-date symlink: /home/taka/crazyswarm_SimpleFlight/install/crazyflie_examples/share/crazyflie_examples/cmake/crazyflie_examplesConfig-version.cmake
-- Up-to-date symlink: /home/taka/crazyswarm_SimpleFlight/install/crazyflie_examples/share/crazyflie_examples/package.xml
Listing '/home/taka/crazyswarm_SimpleFlight/install/crazyflie_examples/lib/python3.10/site-packages/crazyflie_examples'...
Listing '/home/taka/crazyswarm_SimpleFlight/install/crazyflie_examples/lib/python3.10/site-packages/crazyflie_examples/cache'...
Listing '/home/taka/crazyswarm_SimpleFlight/install/crazyflie_examples/lib/python3.10/site-packages/crazyflie_examples/data'...
Listing '/home/taka/crazyswarm_SimpleFlight/install/crazyflie_examples/lib/python3.10/site-packages/crazyflie_examples/data/multi_trajectory'...
Listing '/home/taka/crazyswarm_SimpleFlight/install/crazyflie_examples/lib/python3.10/site-packages/crazyflie_examples/fake'...
Compiling '/home/taka/crazyswarm_SimpleFlight/install/crazyflie_examples/lib/python3.10/site-packages/crazyflie_examples/fake/__init__.py'...
Listing '/home/taka/crazyswarm_SimpleFlight/install/crazyflie_examples/lib/python3.10/site-packages/crazyflie_examples/fake/control'...
Listing '/home/taka/crazyswarm_SimpleFlight/install/crazyflie_examples/lib/python3.10/site-packages/crazyflie_examples/fake/swarm'...
Listing '/home/taka/crazyswarm_SimpleFlight/install/crazyflie_examples/lib/python3.10/site-packages/crazyflie_examples/fake/utils'...
Listing '/home/taka/crazyswarm_SimpleFlight/install/crazyflie_examples/lib/python3.10/site-packages/crazyflie_examples/model'...
